 Fermi distribution function

Geometry optimization step: 138, Lattice step: 4


********************************************************************************
 iSCC Total electronic   Diff electronic      SCC error    
    1   -0.10665692E+03    0.00000000E+00    0.81171167E-03
********************************************************************************

K-points in absolute space:     1:  0.002890  0.005005  0.018685
                                2:  0.002890  0.005005  0.056055
                                3:  0.002890  0.005005  0.093425
                                4:  0.002890  0.005005  0.130795
                                5:  0.002890  0.011679  0.018685
                                6:  0.002890  0.011679  0.056055
                                7:  0.002890  0.011679  0.093425
                                8:  0.002890  0.011679  0.130795
                                9:  0.002890  0.018353  0.018685
                               10:  0.002890  0.018353  0.056055
                               11:  0.002890  0.018353  0.093425
                               12:  0.002890  0.018353  0.130795
                               13:  0.002890  0.025027  0.018685
                               14:  0.002890  0.025027  0.056055
                               15:  0.002890  0.025027  0.093425
                               16:  0.002890  0.025027  0.130795
                               17:  0.008670  0.008342  0.018685
                               18:  0.008670  0.008342  0.056055
                               19:  0.008670  0.008342  0.093425
                               20:  0.008670  0.008342  0.130795
                               21:  0.008670  0.015016  0.018685
                               22:  0.008670  0.015016  0.056055
                               23:  0.008670  0.015016  0.093425
                               24:  0.008670  0.015016  0.130795
                               25:  0.008670  0.021690  0.018685
                               26:  0.008670  0.021690  0.056055
                               27:  0.008670  0.021690  0.093425
                               28:  0.008670  0.021690  0.130795
                               29:  0.008670  0.028364  0.018685
                               30:  0.008670  0.028364  0.056055
                               31:  0.008670  0.028364  0.093425
                               32:  0.008670  0.028364  0.130795

Coordinates of moved atoms (au):
    1      0.92841123     19.86357471      3.34491682
    2      3.96057452     28.33140385      3.34491682
    3     -4.88886332     26.72342478      3.34491682
    4     20.69885485     17.59566407      3.34491682
    5     17.66669155      9.12783493      3.34491682
    6     26.51612940     10.73581400      3.34491682
    7      5.90111635     20.83131012      3.34491682
    8      0.63615496     32.15402248      3.34491682
    9     -6.53713701     21.93308321      3.34491682
   10     15.72614973     16.62792866      3.34491682
   11     20.99111112      5.30521630      3.34491682
   12     28.16440309     15.52615557      3.34491682
   13      0.51756727     22.19671351      3.34491682
   14      2.14543556     26.80903551      3.34491682
   15     -2.66288458     25.91265220      3.34491682
   16     21.10969881     15.26252527      3.34491682
   17     19.48183052     10.65020327      3.34491682
   18     24.29015066     11.54658658      3.34491682
   19      2.62795276     24.04345642      3.34491682
   20     -0.50908164     27.71331447      3.34491682
   21     -2.11875356     23.16163206      3.34491682
   22     18.99931332     13.41578235      3.34491682
   23     22.13634772      9.74592431      3.34491682
   24     23.74601964     14.29760672      3.34491682
   25      5.15317642     23.28335187      3.34491682
   26     -1.11341784     30.28027645      3.34491682
   27     -4.03963990     21.35478117      3.34491682
   28     16.47408966     14.17588691      3.34491682
   29     22.74068391      7.17896233      3.34491682
   30     25.66690598     16.10445761      3.34491682
   31      8.37072468     19.84771331      3.34491682
   32      0.25320175     34.78456793      3.34491682
   33     -8.62377906     20.28616314      3.34491682
   34     13.25654140     17.61152546      3.34491682
   35     21.37406432      2.67467085      3.34491682
   36     30.25104514     17.17307564      3.34491682
   37      8.67016164     17.18849759      3.34491682
   38      2.40645348     36.37346642      3.34491682
   39    -11.07643140     21.35648448      3.34491682
   40     12.95710444     20.27074119      3.34491682
   41     19.22081259      1.08577236      3.34491682
   42     32.70369748     16.10275430      3.34491682
   43     10.56682401     21.37390291      3.34491682
   44     -2.16655150     35.92338319      3.34491682
   45     -8.40014346     17.62118768      3.34491682
   46     11.06044207     16.08533586      3.34491682
   47     23.79381758      1.53585559      3.34491682
   48     30.02740954     19.83805110      3.34491682
   49      7.00811458     15.97425035      3.34491682
   50      4.28903434     35.54118847      3.34491682
   51    -11.29694681     23.40298667      3.34491682
   52     14.61915150     21.48498843      3.34491682
   53     17.33823174      1.91805031      3.34491682
   54     32.92421289     14.05625210      3.34491682
   55      6.60834371     24.75290513      3.34491682
   56     -3.11366939     30.80572198      3.34491682
   57     -3.49456396     19.35978966      3.34491682
   58     15.01892237     12.70633365      3.34491682
   59     24.74093546      6.65351680      3.34491682
   60     25.12183004     18.09944912      3.34491682
   61     10.42754480     23.42498083      3.34491682
   62     -3.87321282     34.77724818      3.34491682
   63     -6.55423010     16.71624417      3.34491682
   64     11.19972128     14.03425795      3.34491682
   65     25.50047890      2.68199059      3.34491682
   66     28.18149618     20.74299461      3.34491682
   67      4.41649267     19.55238533      3.34491682
   68      2.48604314     31.50774554      3.34491682
   69     -6.90238962     23.85827151      3.34491682
   70     17.21077341     17.90685345      3.34491682
   71     19.14122293      5.95149324      3.34491682
   72     28.52965570     13.60096726      3.34491682

 Total charge:     0.00000000

 Atomic gross charges (e)
 Atom           Charge
    1      -0.57638212
    2      -0.57638314
    3      -0.57638260
    4      -0.57638212
    5      -0.57638314
    6      -0.57638260
    7      -0.13542263
    8      -0.13542317
    9      -0.13542315
   10      -0.13542263
   11      -0.13542317
   12      -0.13542315
   13       0.45029031
   14       0.45028990
   15       0.45028983
   16       0.45029031
   17       0.45028990
   18       0.45028983
   19      -0.25960673
   20      -0.25960696
   21      -0.25960749
   22      -0.25960673
   23      -0.25960696
   24      -0.25960749
   25       0.08805243
   26       0.08805305
   27       0.08805287
   28       0.08805243
   29       0.08805305
   30       0.08805287
   31       0.13537228
   32       0.13537293
   33       0.13537270
   34       0.13537228
   35       0.13537293
   36       0.13537270
   37      -0.13586896
   38      -0.13586894
   39      -0.13586891
   40      -0.13586896
   41      -0.13586894
   42      -0.13586891
   43      -0.13022016
   44      -0.13022011
   45      -0.13022014
   46      -0.13022016
   47      -0.13022011
   48      -0.13022014
   49       0.09266877
   50       0.09266884
   51       0.09266887
   52       0.09266877
   53       0.09266884
   54       0.09266887
   55       0.11070777
   56       0.11070762
   57       0.11070754
   58       0.11070777
   59       0.11070762
   60       0.11070754
   61       0.09308592
   62       0.09308571
   63       0.09308575
   64       0.09308592
   65       0.09308571
   66       0.09308575
   67       0.26732363
   68       0.26732427
   69       0.26732423
   70       0.26732363
   71       0.26732427
   72       0.26732423

Nr. of electrons (up):    234.00000000
Atom populations (up)
 Atom       Population
    1       6.57638212
    2       6.57638314
    3       6.57638260
    4       6.57638212
    5       6.57638314
    6       6.57638260
    7       5.13542263
    8       5.13542317
    9       5.13542315
   10       5.13542263
   11       5.13542317
   12       5.13542315
   13       3.54970969
   14       3.54971010
   15       3.54971017
   16       3.54970969
   17       3.54971010
   18       3.54971017
   19       4.25960673
   20       4.25960696
   21       4.25960749
   22       4.25960673
   23       4.25960696
   24       4.25960749
   25       3.91194757
   26       3.91194695
   27       3.91194713
   28       3.91194757
   29       3.91194695
   30       3.91194713
   31       3.86462772
   32       3.86462707
   33       3.86462730
   34       3.86462772
   35       3.86462707
   36       3.86462730
   37       4.13586896
   38       4.13586894
   39       4.13586891
   40       4.13586896
   41       4.13586894
   42       4.13586891
   43       4.13022016
   44       4.13022011
   45       4.13022014
   46       4.13022016
   47       4.13022011
   48       4.13022014
   49       0.90733123
   50       0.90733116
   51       0.90733113
   52       0.90733123
   53       0.90733116
   54       0.90733113
   55       0.88929223
   56       0.88929238
   57       0.88929246
   58       0.88929223
   59       0.88929238
   60       0.88929246
   61       0.90691408
   62       0.90691429
   63       0.90691425
   64       0.90691408
   65       0.90691429
   66       0.90691425
   67       0.73267637
   68       0.73267573
   69       0.73267577
   70       0.73267637
   71       0.73267573
   72       0.73267577

l-shell populations (up)
 Atom Sh.   l       Population
    1   1   0       1.77412489
    1   2   1       4.80225724
    2   1   0       1.77412510
    2   2   1       4.80225805
    3   1   0       1.77412502
    3   2   1       4.80225758
    4   1   0       1.77412489
    4   2   1       4.80225724
    5   1   0       1.77412510
    5   2   1       4.80225805
    6   1   0       1.77412502
    6   2   1       4.80225758
    7   1   0       1.40857462
    7   2   1       3.72684801
    8   1   0       1.40857486
    8   2   1       3.72684830
    9   1   0       1.40857473
    9   2   1       3.72684842
   10   1   0       1.40857462
   10   2   1       3.72684801
   11   1   0       1.40857486
   11   2   1       3.72684830
   12   1   0       1.40857473
   12   2   1       3.72684842
   13   1   0       1.11652565
   13   2   1       2.43318403
   14   1   0       1.11652589
   14   2   1       2.43318421
   15   1   0       1.11652602
   15   2   1       2.43318416
   16   1   0       1.11652565
   16   2   1       2.43318403
   17   1   0       1.11652589
   17   2   1       2.43318421
   18   1   0       1.11652602
   18   2   1       2.43318416
   19   1   0       1.21695562
   19   2   1       3.04265110
   20   1   0       1.21695554
   20   2   1       3.04265142
   21   1   0       1.21695580
   21   2   1       3.04265168
   22   1   0       1.21695562
   22   2   1       3.04265110
   23   1   0       1.21695554
   23   2   1       3.04265142
   24   1   0       1.21695580
   24   2   1       3.04265168
   25   1   0       1.19675782
   25   2   1       2.71518976
   26   1   0       1.19675805
   26   2   1       2.71518890
   27   1   0       1.19675789
   27   2   1       2.71518924
   28   1   0       1.19675782
   28   2   1       2.71518976
   29   1   0       1.19675805
   29   2   1       2.71518890
   30   1   0       1.19675789
   30   2   1       2.71518924
   31   1   0       1.14008191
   31   2   1       2.72454581
   32   1   0       1.14008168
   32   2   1       2.72454539
   33   1   0       1.14008172
   33   2   1       2.72454559
   34   1   0       1.14008191
   34   2   1       2.72454581
   35   1   0       1.14008168
   35   2   1       2.72454539
   36   1   0       1.14008172
   36   2   1       2.72454559
   37   1   0       1.23047941
   37   2   1       2.90538955
   38   1   0       1.23047953
   38   2   1       2.90538940
   39   1   0       1.23047950
   39   2   1       2.90538941
   40   1   0       1.23047941
   40   2   1       2.90538955
   41   1   0       1.23047953
   41   2   1       2.90538940
   42   1   0       1.23047950
   42   2   1       2.90538941
   43   1   0       1.22629341
   43   2   1       2.90392675
   44   1   0       1.22629338
   44   2   1       2.90392673
   45   1   0       1.22629336
   45   2   1       2.90392678
   46   1   0       1.22629341
   46   2   1       2.90392675
   47   1   0       1.22629338
   47   2   1       2.90392673
   48   1   0       1.22629336
   48   2   1       2.90392678
   49   1   0       0.90733123
   50   1   0       0.90733116
   51   1   0       0.90733113
   52   1   0       0.90733123
   53   1   0       0.90733116
   54   1   0       0.90733113
   55   1   0       0.88929223
   56   1   0       0.88929238
   57   1   0       0.88929246
   58   1   0       0.88929223
   59   1   0       0.88929238
   60   1   0       0.88929246
   61   1   0       0.90691408
   62   1   0       0.90691429
   63   1   0       0.90691425
   64   1   0       0.90691408
   65   1   0       0.90691429
   66   1   0       0.90691425
   67   1   0       0.73267637
   68   1   0       0.73267573
   69   1   0       0.73267577
   70   1   0       0.73267637
   71   1   0       0.73267573
   72   1   0       0.73267577

Orbital populations (up)
 Atom Sh.   l   m       Population  Label
    1   1   0   0       1.77412489  s
    1   2   1  -1       1.43879209  p_y
    1   2   1   0       1.47006339  p_z
    1   2   1   1       1.89340177  p_x
    2   1   0   0       1.77412510  s
    2   2   1  -1       1.70234793  p_y
    2   2   1   0       1.47006508  p_z
    2   2   1   1       1.62984503  p_x
    3   1   0   0       1.77412502  s
    3   2   1  -1       1.85714976  p_y
    3   2   1   0       1.47006463  p_z
    3   2   1   1       1.47504319  p_x
    4   1   0   0       1.77412489  s
    4   2   1  -1       1.43879209  p_y
    4   2   1   0       1.47006339  p_z
    4   2   1   1       1.89340177  p_x
    5   1   0   0       1.77412510  s
    5   2   1  -1       1.70234793  p_y
    5   2   1   0       1.47006508  p_z
    5   2   1   1       1.62984503  p_x
    6   1   0   0       1.77412502  s
    6   2   1  -1       1.85714976  p_y
    6   2   1   0       1.47006463  p_z
    6   2   1   1       1.47504319  p_x
    7   1   0   0       1.40857462  s
    7   2   1  -1       1.09874229  p_y
    7   2   1   0       1.53300320  p_z
    7   2   1   1       1.09510252  p_x
    8   1   0   0       1.40857486  s
    8   2   1  -1       1.04697096  p_y
    8   2   1   0       1.53300196  p_z
    8   2   1   1       1.14687539  p_x
    9   1   0   0       1.40857473  s
    9   2   1  -1       1.14505668  p_y
    9   2   1   0       1.53300199  p_z
    9   2   1   1       1.04878974  p_x
   10   1   0   0       1.40857462  s
   10   2   1  -1       1.09874229  p_y
   10   2   1   0       1.53300320  p_z
   10   2   1   1       1.09510252  p_x
   11   1   0   0       1.40857486  s
   11   2   1  -1       1.04697096  p_y
   11   2   1   0       1.53300196  p_z
   11   2   1   1       1.14687539  p_x
   12   1   0   0       1.40857473  s
   12   2   1  -1       1.14505668  p_y
   12   2   1   0       1.53300199  p_z
   12   2   1   1       1.04878974  p_x
   13   1   0   0       1.11652565  s
   13   2   1  -1       0.77944893  p_y
   13   2   1   0       0.79043772  p_z
   13   2   1   1       0.86329738  p_x
   14   1   0   0       1.11652589  s
   14   2   1  -1       0.83168652  p_y
   14   2   1   0       0.79043761  p_z
   14   2   1   1       0.81106007  p_x
   15   1   0   0       1.11652602  s
   15   2   1  -1       0.85298434  p_y
   15   2   1   0       0.79043772  p_z
   15   2   1   1       0.78976210  p_x
   16   1   0   0       1.11652565  s
   16   2   1  -1       0.77944893  p_y
   16   2   1   0       0.79043772  p_z
   16   2   1   1       0.86329738  p_x
   17   1   0   0       1.11652589  s
   17   2   1  -1       0.83168652  p_y
   17   2   1   0       0.79043761  p_z
   17   2   1   1       0.81106007  p_x
   18   1   0   0       1.11652602  s
   18   2   1  -1       0.85298434  p_y
   18   2   1   0       0.79043772  p_z
   18   2   1   1       0.78976210  p_x
   19   1   0   0       1.21695562  s
   19   2   1  -1       0.94293488  p_y
   19   2   1   0       1.19339651  p_z
   19   2   1   1       0.90631971  p_x
   20   1   0   0       1.21695554  s
   20   2   1  -1       0.91097485  p_y
   20   2   1   0       1.19339698  p_z
   20   2   1   1       0.93827959  p_x
   21   1   0   0       1.21695580  s
   21   2   1  -1       0.91997197  p_y
   21   2   1   0       1.19339721  p_z
   21   2   1   1       0.92928250  p_x
   22   1   0   0       1.21695562  s
   22   2   1  -1       0.94293488  p_y
   22   2   1   0       1.19339651  p_z
   22   2   1   1       0.90631971  p_x
   23   1   0   0       1.21695554  s
   23   2   1  -1       0.91097485  p_y
   23   2   1   0       1.19339698  p_z
   23   2   1   1       0.93827959  p_x
   24   1   0   0       1.21695580  s
   24   2   1  -1       0.91997197  p_y
   24   2   1   0       1.19339721  p_z
   24   2   1   1       0.92928250  p_x
   25   1   0   0       1.19675782  s
   25   2   1  -1       0.86149300  p_y
   25   2   1   0       0.90840053  p_z
   25   2   1   1       0.94529623  p_x
   26   1   0   0       1.19675805  s
   26   2   1  -1       0.87917792  p_y
   26   2   1   0       0.90840040  p_z
   26   2   1   1       0.92761058  p_x
   27   1   0   0       1.19675789  s
   27   2   1  -1       0.96951253  p_y
   27   2   1   0       0.90840061  p_z
   27   2   1   1       0.83727609  p_x
   28   1   0   0       1.19675782  s
   28   2   1  -1       0.86149300  p_y
   28   2   1   0       0.90840053  p_z
   28   2   1   1       0.94529623  p_x
   29   1   0   0       1.19675805  s
   29   2   1  -1       0.87917792  p_y
   29   2   1   0       0.90840040  p_z
   29   2   1   1       0.92761058  p_x
   30   1   0   0       1.19675789  s
   30   2   1  -1       0.96951253  p_y
   30   2   1   0       0.90840061  p_z
   30   2   1   1       0.83727609  p_x
   31   1   0   0       1.14008191  s
   31   2   1  -1       0.90233939  p_y
   31   2   1   0       1.00510299  p_z
   31   2   1   1       0.81710343  p_x
   32   1   0   0       1.14008168  s
   32   2   1  -1       0.80543548  p_y
   32   2   1   0       1.00510263  p_z
   32   2   1   1       0.91400727  p_x
   33   1   0   0       1.14008172  s
   33   2   1  -1       0.87139015  p_y
   33   2   1   0       1.00510276  p_z
   33   2   1   1       0.84805268  p_x
   34   1   0   0       1.14008191  s
   34   2   1  -1       0.90233939  p_y
   34   2   1   0       1.00510299  p_z
   34   2   1   1       0.81710343  p_x
   35   1   0   0       1.14008168  s
   35   2   1  -1       0.80543548  p_y
   35   2   1   0       1.00510263  p_z
   35   2   1   1       0.91400727  p_x
   36   1   0   0       1.14008172  s
   36   2   1  -1       0.87139015  p_y
   36   2   1   0       1.00510276  p_z
   36   2   1   1       0.84805268  p_x
   37   1   0   0       1.23047941  s
   37   2   1  -1       0.91631448  p_y
   37   2   1   0       1.04935668  p_z
   37   2   1   1       0.93971839  p_x
   38   1   0   0       1.23047953  s
   38   2   1  -1       0.92238861  p_y
   38   2   1   0       1.04935648  p_z
   38   2   1   1       0.93364431  p_x
   39   1   0   0       1.23047950  s
   39   2   1  -1       0.94534653  p_y
   39   2   1   0       1.04935648  p_z
   39   2   1   1       0.91068640  p_x
   40   1   0   0       1.23047941  s
   40   2   1  -1       0.91631448  p_y
   40   2   1   0       1.04935668  p_z
   40   2   1   1       0.93971839  p_x
   41   1   0   0       1.23047953  s
   41   2   1  -1       0.92238861  p_y
   41   2   1   0       1.04935648  p_z
   41   2   1   1       0.93364431  p_x
   42   1   0   0       1.23047950  s
   42   2   1  -1       0.94534653  p_y
   42   2   1   0       1.04935648  p_z
   42   2   1   1       0.91068640  p_x
   43   1   0   0       1.22629341  s
   43   2   1  -1       0.94200442  p_y
   43   2   1   0       1.05037487  p_z
   43   2   1   1       0.91154746  p_x
   44   1   0   0       1.22629338  s
   44   2   1  -1       0.92843386  p_y
   44   2   1   0       1.05037490  p_z
   44   2   1   1       0.92511797  p_x
   45   1   0   0       1.22629336  s
   45   2   1  -1       0.90988936  p_y
   45   2   1   0       1.05037493  p_z
   45   2   1   1       0.94366248  p_x
   46   1   0   0       1.22629341  s
   46   2   1  -1       0.94200442  p_y
   46   2   1   0       1.05037487  p_z
   46   2   1   1       0.91154746  p_x
   47   1   0   0       1.22629338  s
   47   2   1  -1       0.92843386  p_y
   47   2   1   0       1.05037490  p_z
   47   2   1   1       0.92511797  p_x
   48   1   0   0       1.22629336  s
   48   2   1  -1       0.90988936  p_y
   48   2   1   0       1.05037493  p_z
   48   2   1   1       0.94366248  p_x
   49   1   0   0       0.90733123  s
   50   1   0   0       0.90733116  s
   51   1   0   0       0.90733113  s
   52   1   0   0       0.90733123  s
   53   1   0   0       0.90733116  s
   54   1   0   0       0.90733113  s
   55   1   0   0       0.88929223  s
   56   1   0   0       0.88929238  s
   57   1   0   0       0.88929246  s
   58   1   0   0       0.88929223  s
   59   1   0   0       0.88929238  s
   60   1   0   0       0.88929246  s
   61   1   0   0       0.90691408  s
   62   1   0   0       0.90691429  s
   63   1   0   0       0.90691425  s
   64   1   0   0       0.90691408  s
   65   1   0   0       0.90691429  s
   66   1   0   0       0.90691425  s
   67   1   0   0       0.73267637  s
   68   1   0   0       0.73267573  s
   69   1   0   0       0.73267577  s
   70   1   0   0       0.73267637  s
   71   1   0   0       0.73267573  s
   72   1   0   0       0.73267577  s

Fermi level:                        -0.1599077786 H           -4.3513 eV
Band energy:                      -105.7057001898 H        -2876.3985 eV
TS:                                  0.0000000000 H            0.0000 eV
Band free energy (E-TS):          -105.7057001898 H        -2876.3985 eV
Extrapolated E(0K):               -105.7057001898 H        -2876.3985 eV
Input / Output electrons (q):    234.0000000000    234.0000000000

Energy H0:                        -106.8166611280 H        -2906.6292 eV
Energy SCC:                          0.1798041401 H            4.8927 eV
Energy 3rd:                         -0.0200674806 H           -0.5461 eV
Total Electronic energy:          -106.6569244685 H        -2902.2826 eV
Repulsive energy:                    1.7996832605 H           48.9719 eV
Dispersion energy:                   0.3094394889 H            8.4203 eV
Total energy:                     -104.5478017191 H        -2844.8904 eV
Extrapolated to 0:                -104.5478017191 H        -2844.8904 eV
Total Mermin free energy:         -104.5478017191 H        -2844.8904 eV
Force related energy:             -104.5478017191 H        -2844.8904 eV

Non-constrained calculation

SCC converged

Full geometry written in 1e-3-Out.{xyz|gen}

Warning: dipole moment is not defined absolutely!
Dipole moment:   -0.00000000    0.00000000    0.00000000 au
Dipole moment:   -0.00000000    0.00000000    0.00000000 Debye

Geometry converged

