 Fermi distribution function

Geometry optimization step: 39, Lattice step: 4


********************************************************************************
 iSCC Total electronic   Diff electronic      SCC error    
    1   -0.10666461E+03    0.00000000E+00    0.85457031E-02
********************************************************************************

K-points in absolute space:     1:  0.002864  0.004960  0.018484
                                2:  0.002864  0.004960  0.055453
                                3:  0.002864  0.004960  0.092422
                                4:  0.002864  0.004960  0.129391
                                5:  0.002864  0.011574  0.018484
                                6:  0.002864  0.011574  0.055453
                                7:  0.002864  0.011574  0.092422
                                8:  0.002864  0.011574  0.129391
                                9:  0.002864  0.018187  0.018484
                               10:  0.002864  0.018187  0.055453
                               11:  0.002864  0.018187  0.092422
                               12:  0.002864  0.018187  0.129391
                               13:  0.002864  0.024801  0.018484
                               14:  0.002864  0.024801  0.055453
                               15:  0.002864  0.024801  0.092422
                               16:  0.002864  0.024801  0.129391
                               17:  0.008591  0.008267  0.018484
                               18:  0.008591  0.008267  0.055453
                               19:  0.008591  0.008267  0.092422
                               20:  0.008591  0.008267  0.129391
                               21:  0.008591  0.014881  0.018484
                               22:  0.008591  0.014881  0.055453
                               23:  0.008591  0.014881  0.092422
                               24:  0.008591  0.014881  0.129391
                               25:  0.008591  0.021494  0.018484
                               26:  0.008591  0.021494  0.055453
                               27:  0.008591  0.021494  0.092422
                               28:  0.008591  0.021494  0.129391
                               29:  0.008591  0.028108  0.018484
                               30:  0.008591  0.028108  0.055453
                               31:  0.008591  0.028108  0.092422
                               32:  0.008591  0.028108  0.129391

Coordinates of moved atoms (au):
    1      0.80699676     20.07385660      3.38123097
    2      4.03649702     28.46288491      3.38123097
    3     -4.84337782     27.06518461      3.38123097
    4     21.01751549     17.72710649      3.38123097
    5     17.78801523      9.33807818      3.38123097
    6     26.66789007     10.73577848      3.38123097
    7      5.89442860     20.90346221      3.38123097
    8      0.77432832     32.45391468      3.38123097
    9     -6.66864054     22.24454855      3.38123097
   10     15.93008365     16.89750088      3.38123097
   11     21.05018393      5.34704841      3.38123097
   12     28.49315279     15.55641453      3.38123097
   13      0.43838533     22.40918645      3.38123097
   14      2.19834219     26.97599132      3.38123097
   15     -2.63661239     26.21674715      3.38123097
   16     21.38612692     15.39177664      3.38123097
   17     19.62617006     10.82497177      3.38123097
   18     24.46112464     11.58421594      3.38123097
   19      2.60986727     24.18943493      3.38123097
   20     -0.42913991     27.96641874      3.38123097
   21     -2.18061250     23.44607093      3.38123097
   22     19.21464498     13.61152816      3.38123097
   23     22.25365216      9.83454434      3.38123097
   24     24.00512475     14.35489215      3.38123097
   25      5.10790140     23.35843851      3.38123097
   26     -0.95848727     30.54527396      3.38123097
   27     -4.14929910     21.69821315      3.38123097
   28     16.71661085     14.44252457      3.38123097
   29     22.78299952      7.25568913      3.38123097
   30     25.97381135     16.10274994      3.38123097
   31      8.39629949     19.96569472      3.38123097
   32      0.33552915     35.08947813      3.38123097
   33     -8.73171228     20.54675327      3.38123097
   34     13.42821276     17.83526837      3.38123097
   35     21.48898310      2.71148496      3.38123097
   36     30.55622453     17.25420982      3.38123097
   37      8.82144325     17.32928912      3.38123097
   38      2.40615792     36.77586777      3.38123097
   39    -11.22748417     21.49676916      3.38123097
   40     13.00306901     20.47167397      3.38123097
   41     19.41835434      1.02509532      3.38123097
   42     33.05199642     16.30419392      3.38123097
   43     10.57601676     21.49667591      3.38123097
   44     -2.08019832     36.21167239      3.38123097
   45     -8.49570320     17.89357825      3.38123097
   46     11.24849549     16.30428717      3.38123097
   47     23.90471058      1.58929070      3.38123097
   48     30.32021545     19.90738483      3.38123097
   49      7.25132446     16.01866248      3.38123097
   50      4.32625385     36.07142227      3.38123097
   51    -11.57746150     23.51184061      3.38123097
   52     14.57318779     21.78230061      3.38123097
   53     17.49825840      1.72954081      3.38123097
   54     33.40197376     14.28912247      3.38123097
   55      6.59521816     24.78803056      3.38123097
   56     -2.94020926     31.11852903      3.38123097
   57     -3.65489451     19.69536756      3.38123097
   58     15.22929409     13.01293253      3.38123097
   59     24.76472152      6.68243405      3.38123097
   60     25.47940676     18.10559553      3.38123097
   61     10.38272726     23.52933141      3.38123097
   62     -3.74388915     35.02794906      3.38123097
   63     -6.63872319     17.04464539      3.38123097
   64     11.44178499     14.27163168      3.38123097
   65     25.56840140      2.77301403      3.38123097
   66     28.46323544     20.75631769      3.38123097
   67      4.46837519     19.57839753      3.38123097
   68      2.63489536     31.88145143      3.38123097
   69     -7.10315358     24.14207515      3.38123097
   70     17.35613706     18.22256555      3.38123097
   71     19.18961689      5.91951166      3.38123097
   72     28.92766583     13.65888794      3.38123097

 Total charge:    -0.00000000

 Atomic gross charges (e)
 Atom           Charge
    1      -0.57034124
    2      -0.57034631
    3      -0.57034459
    4      -0.57034124
    5      -0.57034631
    6      -0.57034459
    7      -0.13430252
    8      -0.13430447
    9      -0.13430606
   10      -0.13430252
   11      -0.13430447
   12      -0.13430606
   13       0.45153016
   14       0.45152938
   15       0.45152965
   16       0.45153016
   17       0.45152938
   18       0.45152965
   19      -0.25381580
   20      -0.25381393
   21      -0.25381268
   22      -0.25381580
   23      -0.25381393
   24      -0.25381268
   25       0.08918211
   26       0.08917980
   27       0.08918123
   28       0.08918211
   29       0.08917980
   30       0.08918123
   31       0.13397978
   32       0.13397938
   33       0.13398020
   34       0.13397978
   35       0.13397938
   36       0.13398020
   37      -0.13678287
   38      -0.13678466
   39      -0.13678429
   40      -0.13678287
   41      -0.13678466
   42      -0.13678429
   43      -0.12993358
   44      -0.12993356
   45      -0.12993255
   46      -0.12993358
   47      -0.12993356
   48      -0.12993255
   49       0.09102339
   50       0.09102363
   51       0.09102363
   52       0.09102339
   53       0.09102363
   54       0.09102363
   55       0.10675742
   56       0.10675736
   57       0.10675720
   58       0.10675742
   59       0.10675736
   60       0.10675720
   61       0.09185637
   62       0.09185618
   63       0.09185610
   64       0.09185637
   65       0.09185618
   66       0.09185610
   67       0.26085188
   68       0.26085223
   69       0.26085202
   70       0.26085188
   71       0.26085223
   72       0.26085202

Nr. of electrons (up):    234.00000000
Atom populations (up)
 Atom       Population
    1       6.57034124
    2       6.57034631
    3       6.57034459
    4       6.57034124
    5       6.57034631
    6       6.57034459
    7       5.13430252
    8       5.13430447
    9       5.13430606
   10       5.13430252
   11       5.13430447
   12       5.13430606
   13       3.54846984
   14       3.54847062
   15       3.54847035
   16       3.54846984
   17       3.54847062
   18       3.54847035
   19       4.25381580
   20       4.25381393
   21       4.25381268
   22       4.25381580
   23       4.25381393
   24       4.25381268
   25       3.91081789
   26       3.91082020
   27       3.91081877
   28       3.91081789
   29       3.91082020
   30       3.91081877
   31       3.86602022
   32       3.86602062
   33       3.86601980
   34       3.86602022
   35       3.86602062
   36       3.86601980
   37       4.13678287
   38       4.13678466
   39       4.13678429
   40       4.13678287
   41       4.13678466
   42       4.13678429
   43       4.12993358
   44       4.12993356
   45       4.12993255
   46       4.12993358
   47       4.12993356
   48       4.12993255
   49       0.90897661
   50       0.90897637
   51       0.90897637
   52       0.90897661
   53       0.90897637
   54       0.90897637
   55       0.89324258
   56       0.89324264
   57       0.89324280
   58       0.89324258
   59       0.89324264
   60       0.89324280
   61       0.90814363
   62       0.90814382
   63       0.90814390
   64       0.90814363
   65       0.90814382
   66       0.90814390
   67       0.73914812
   68       0.73914777
   69       0.73914798
   70       0.73914812
   71       0.73914777
   72       0.73914798

l-shell populations (up)
 Atom Sh.   l       Population
    1   1   0       1.77355163
    1   2   1       4.79678961
    2   1   0       1.77355308
    2   2   1       4.79679323
    3   1   0       1.77355276
    3   2   1       4.79679183
    4   1   0       1.77355163
    4   2   1       4.79678961
    5   1   0       1.77355308
    5   2   1       4.79679323
    6   1   0       1.77355276
    6   2   1       4.79679183
    7   1   0       1.40778461
    7   2   1       3.72651791
    8   1   0       1.40778463
    8   2   1       3.72651984
    9   1   0       1.40778518
    9   2   1       3.72652088
   10   1   0       1.40778461
   10   2   1       3.72651791
   11   1   0       1.40778463
   11   2   1       3.72651984
   12   1   0       1.40778518
   12   2   1       3.72652088
   13   1   0       1.11743725
   13   2   1       2.43103259
   14   1   0       1.11743737
   14   2   1       2.43103325
   15   1   0       1.11743736
   15   2   1       2.43103299
   16   1   0       1.11743725
   16   2   1       2.43103259
   17   1   0       1.11743737
   17   2   1       2.43103325
   18   1   0       1.11743736
   18   2   1       2.43103299
   19   1   0       1.21767111
   19   2   1       3.03614469
   20   1   0       1.21767121
   20   2   1       3.03614272
   21   1   0       1.21767085
   21   2   1       3.03614183
   22   1   0       1.21767111
   22   2   1       3.03614469
   23   1   0       1.21767121
   23   2   1       3.03614272
   24   1   0       1.21767085
   24   2   1       3.03614183
   25   1   0       1.19545148
   25   2   1       2.71536641
   26   1   0       1.19545152
   26   2   1       2.71536869
   27   1   0       1.19545177
   27   2   1       2.71536700
   28   1   0       1.19545148
   28   2   1       2.71536641
   29   1   0       1.19545152
   29   2   1       2.71536869
   30   1   0       1.19545177
   30   2   1       2.71536700
   31   1   0       1.13911015
   31   2   1       2.72691007
   32   1   0       1.13911003
   32   2   1       2.72691059
   33   1   0       1.13911009
   33   2   1       2.72690971
   34   1   0       1.13911015
   34   2   1       2.72691007
   35   1   0       1.13911003
   35   2   1       2.72691059
   36   1   0       1.13911009
   36   2   1       2.72690971
   37   1   0       1.22826528
   37   2   1       2.90851759
   38   1   0       1.22826548
   38   2   1       2.90851918
   39   1   0       1.22826568
   39   2   1       2.90851861
   40   1   0       1.22826528
   40   2   1       2.90851759
   41   1   0       1.22826548
   41   2   1       2.90851918
   42   1   0       1.22826568
   42   2   1       2.90851861
   43   1   0       1.22387676
   43   2   1       2.90605682
   44   1   0       1.22387641
   44   2   1       2.90605715
   45   1   0       1.22387647
   45   2   1       2.90605609
   46   1   0       1.22387676
   46   2   1       2.90605682
   47   1   0       1.22387641
   47   2   1       2.90605715
   48   1   0       1.22387647
   48   2   1       2.90605609
   49   1   0       0.90897661
   50   1   0       0.90897637
   51   1   0       0.90897637
   52   1   0       0.90897661
   53   1   0       0.90897637
   54   1   0       0.90897637
   55   1   0       0.89324258
   56   1   0       0.89324264
   57   1   0       0.89324280
   58   1   0       0.89324258
   59   1   0       0.89324264
   60   1   0       0.89324280
   61   1   0       0.90814363
   62   1   0       0.90814382
   63   1   0       0.90814390
   64   1   0       0.90814363
   65   1   0       0.90814382
   66   1   0       0.90814390
   67   1   0       0.73914812
   68   1   0       0.73914777
   69   1   0       0.73914798
   70   1   0       0.73914812
   71   1   0       0.73914777
   72   1   0       0.73914798

Orbital populations (up)
 Atom Sh.   l   m       Population  Label
    1   1   0   0       1.77355163  s
    1   2   1  -1       1.43738442  p_y
    1   2   1   0       1.45684982  p_z
    1   2   1   1       1.90255537  p_x
    2   1   0   0       1.77355308  s
    2   2   1  -1       1.71611293  p_y
    2   2   1   0       1.45685457  p_z
    2   2   1   1       1.62382573  p_x
    3   1   0   0       1.77355276  s
    3   2   1  -1       1.85641400  p_y
    3   2   1   0       1.45685264  p_z
    3   2   1   1       1.48352519  p_x
    4   1   0   0       1.77355163  s
    4   2   1  -1       1.43738442  p_y
    4   2   1   0       1.45684982  p_z
    4   2   1   1       1.90255537  p_x
    5   1   0   0       1.77355308  s
    5   2   1  -1       1.71611293  p_y
    5   2   1   0       1.45685457  p_z
    5   2   1   1       1.62382573  p_x
    6   1   0   0       1.77355276  s
    6   2   1  -1       1.85641400  p_y
    6   2   1   0       1.45685264  p_z
    6   2   1   1       1.48352519  p_x
    7   1   0   0       1.40778461  s
    7   2   1  -1       1.09269827  p_y
    7   2   1   0       1.54759859  p_z
    7   2   1   1       1.08622106  p_x
    8   1   0   0       1.40778463  s
    8   2   1  -1       1.04380482  p_y
    8   2   1   0       1.54760020  p_z
    8   2   1   1       1.13511482  p_x
    9   1   0   0       1.40778518  s
    9   2   1  -1       1.13187717  p_y
    9   2   1   0       1.54760158  p_z
    9   2   1   1       1.04704214  p_x
   10   1   0   0       1.40778461  s
   10   2   1  -1       1.09269827  p_y
   10   2   1   0       1.54759859  p_z
   10   2   1   1       1.08622106  p_x
   11   1   0   0       1.40778463  s
   11   2   1  -1       1.04380482  p_y
   11   2   1   0       1.54760020  p_z
   11   2   1   1       1.13511482  p_x
   12   1   0   0       1.40778518  s
   12   2   1  -1       1.13187717  p_y
   12   2   1   0       1.54760158  p_z
   12   2   1   1       1.04704214  p_x
   13   1   0   0       1.11743725  s
   13   2   1  -1       0.78038770  p_y
   13   2   1   0       0.78936604  p_z
   13   2   1   1       0.86127886  p_x
   14   1   0   0       1.11743737  s
   14   2   1  -1       0.83151544  p_y
   14   2   1   0       0.78936617  p_z
   14   2   1   1       0.81015164  p_x
   15   1   0   0       1.11743736  s
   15   2   1  -1       0.85059868  p_y
   15   2   1   0       0.78936602  p_z
   15   2   1   1       0.79106829  p_x
   16   1   0   0       1.11743725  s
   16   2   1  -1       0.78038770  p_y
   16   2   1   0       0.78936604  p_z
   16   2   1   1       0.86127886  p_x
   17   1   0   0       1.11743737  s
   17   2   1  -1       0.83151544  p_y
   17   2   1   0       0.78936617  p_z
   17   2   1   1       0.81015164  p_x
   18   1   0   0       1.11743736  s
   18   2   1  -1       0.85059868  p_y
   18   2   1   0       0.78936602  p_z
   18   2   1   1       0.79106829  p_x
   19   1   0   0       1.21767111  s
   19   2   1  -1       0.94300012  p_y
   19   2   1   0       1.18806752  p_z
   19   2   1   1       0.90507705  p_x
   20   1   0   0       1.21767121  s
   20   2   1  -1       0.90778711  p_y
   20   2   1   0       1.18806470  p_z
   20   2   1   1       0.94029091  p_x
   21   1   0   0       1.21767085  s
   21   2   1  -1       0.92132998  p_y
   21   2   1   0       1.18806518  p_z
   21   2   1   1       0.92674667  p_x
   22   1   0   0       1.21767111  s
   22   2   1  -1       0.94300012  p_y
   22   2   1   0       1.18806752  p_z
   22   2   1   1       0.90507705  p_x
   23   1   0   0       1.21767121  s
   23   2   1  -1       0.90778711  p_y
   23   2   1   0       1.18806470  p_z
   23   2   1   1       0.94029091  p_x
   24   1   0   0       1.21767085  s
   24   2   1  -1       0.92132998  p_y
   24   2   1   0       1.18806518  p_z
   24   2   1   1       0.92674667  p_x
   25   1   0   0       1.19545148  s
   25   2   1  -1       0.85917617  p_y
   25   2   1   0       0.91134211  p_z
   25   2   1   1       0.94484813  p_x
   26   1   0   0       1.19545152  s
   26   2   1  -1       0.87487012  p_y
   26   2   1   0       0.91134450  p_z
   26   2   1   1       0.92915407  p_x
   27   1   0   0       1.19545177  s
   27   2   1  -1       0.97199129  p_y
   27   2   1   0       0.91134330  p_z
   27   2   1   1       0.83203241  p_x
   28   1   0   0       1.19545148  s
   28   2   1  -1       0.85917617  p_y
   28   2   1   0       0.91134211  p_z
   28   2   1   1       0.94484813  p_x
   29   1   0   0       1.19545152  s
   29   2   1  -1       0.87487012  p_y
   29   2   1   0       0.91134450  p_z
   29   2   1   1       0.92915407  p_x
   30   1   0   0       1.19545177  s
   30   2   1  -1       0.97199129  p_y
   30   2   1   0       0.91134330  p_z
   30   2   1   1       0.83203241  p_x
   31   1   0   0       1.13911015  s
   31   2   1  -1       0.90756300  p_y
   31   2   1   0       1.00477134  p_z
   31   2   1   1       0.81457573  p_x
   32   1   0   0       1.13911003  s
   32   2   1  -1       0.80229271  p_y
   32   2   1   0       1.00477176  p_z
   32   2   1   1       0.91984612  p_x
   33   1   0   0       1.13911009  s
   33   2   1  -1       0.87335404  p_y
   33   2   1   0       1.00477113  p_z
   33   2   1   1       0.84878455  p_x
   34   1   0   0       1.13911015  s
   34   2   1  -1       0.90756300  p_y
   34   2   1   0       1.00477134  p_z
   34   2   1   1       0.81457573  p_x
   35   1   0   0       1.13911003  s
   35   2   1  -1       0.80229271  p_y
   35   2   1   0       1.00477176  p_z
   35   2   1   1       0.91984612  p_x
   36   1   0   0       1.13911009  s
   36   2   1  -1       0.87335404  p_y
   36   2   1   0       1.00477113  p_z
   36   2   1   1       0.84878455  p_x
   37   1   0   0       1.22826528  s
   37   2   1  -1       0.91574975  p_y
   37   2   1   0       1.05175321  p_z
   37   2   1   1       0.94101464  p_x
   38   1   0   0       1.22826548  s
   38   2   1  -1       0.92105940  p_y
   38   2   1   0       1.05175457  p_z
   38   2   1   1       0.93570521  p_x
   39   1   0   0       1.22826568  s
   39   2   1  -1       0.94833897  p_y
   39   2   1   0       1.05175436  p_z
   39   2   1   1       0.90842527  p_x
   40   1   0   0       1.22826528  s
   40   2   1  -1       0.91574975  p_y
   40   2   1   0       1.05175321  p_z
   40   2   1   1       0.94101464  p_x
   41   1   0   0       1.22826548  s
   41   2   1  -1       0.92105940  p_y
   41   2   1   0       1.05175457  p_z
   41   2   1   1       0.93570521  p_x
   42   1   0   0       1.22826568  s
   42   2   1  -1       0.94833897  p_y
   42   2   1   0       1.05175436  p_z
   42   2   1   1       0.90842527  p_x
   43   1   0   0       1.22387676  s
   43   2   1  -1       0.94612825  p_y
   43   2   1   0       1.05035684  p_z
   43   2   1   1       0.90957174  p_x
   44   1   0   0       1.22387641  s
   44   2   1  -1       0.92787215  p_y
   44   2   1   0       1.05035685  p_z
   44   2   1   1       0.92782815  p_x
   45   1   0   0       1.22387647  s
   45   2   1  -1       0.90955118  p_y
   45   2   1   0       1.05035605  p_z
   45   2   1   1       0.94614886  p_x
   46   1   0   0       1.22387676  s
   46   2   1  -1       0.94612825  p_y
   46   2   1   0       1.05035684  p_z
   46   2   1   1       0.90957174  p_x
   47   1   0   0       1.22387641  s
   47   2   1  -1       0.92787215  p_y
   47   2   1   0       1.05035685  p_z
   47   2   1   1       0.92782815  p_x
   48   1   0   0       1.22387647  s
   48   2   1  -1       0.90955118  p_y
   48   2   1   0       1.05035605  p_z
   48   2   1   1       0.94614886  p_x
   49   1   0   0       0.90897661  s
   50   1   0   0       0.90897637  s
   51   1   0   0       0.90897637  s
   52   1   0   0       0.90897661  s
   53   1   0   0       0.90897637  s
   54   1   0   0       0.90897637  s
   55   1   0   0       0.89324258  s
   56   1   0   0       0.89324264  s
   57   1   0   0       0.89324280  s
   58   1   0   0       0.89324258  s
   59   1   0   0       0.89324264  s
   60   1   0   0       0.89324280  s
   61   1   0   0       0.90814363  s
   62   1   0   0       0.90814382  s
   63   1   0   0       0.90814390  s
   64   1   0   0       0.90814363  s
   65   1   0   0       0.90814382  s
   66   1   0   0       0.90814390  s
   67   1   0   0       0.73914812  s
   68   1   0   0       0.73914777  s
   69   1   0   0       0.73914798  s
   70   1   0   0       0.73914812  s
   71   1   0   0       0.73914777  s
   72   1   0   0       0.73914798  s

Fermi level:                        -0.1604629760 H           -4.3664 eV
Band energy:                      -105.6625565433 H        -2875.2245 eV
TS:                                  0.0000000000 H            0.0000 eV
Band free energy (E-TS):          -105.6625565433 H        -2875.2245 eV
Extrapolated E(0K):               -105.6625565433 H        -2875.2245 eV
Input / Output electrons (q):    234.0000000000    234.0000000000

Energy H0:                        -106.8266486638 H        -2906.9010 eV
Energy SCC:                          0.1814152598 H            4.9366 eV
Energy 3rd:                         -0.0193755323 H           -0.5272 eV
Total Electronic energy:          -106.6646089363 H        -2902.4917 eV
Repulsive energy:                    1.8168130022 H           49.4380 eV
Dispersion energy:                   0.3085437040 H            8.3959 eV
Total energy:                     -104.5392522301 H        -2844.6578 eV
Extrapolated to 0:                -104.5392522301 H        -2844.6578 eV
Total Mermin free energy:         -104.5392522301 H        -2844.6578 eV
Force related energy:             -104.5392522301 H        -2844.6578 eV

Non-constrained calculation

SCC converged

Full geometry written in 1e-2-Out.{xyz|gen}

Warning: dipole moment is not defined absolutely!
Dipole moment:    0.00000000   -0.00000000   -0.00000000 au
Dipole moment:    0.00000000   -0.00000000   -0.00000000 Debye

Geometry converged

