 Fermi distribution function

Geometry optimization step: 1, Lattice step: 0


********************************************************************************
 iSCC Total electronic   Diff electronic      SCC error    
    1   -0.10669437E+03    0.00000000E+00    0.56884045E-01
********************************************************************************

K-points in absolute space:     1:  0.002933  0.005079  0.019455
                                2:  0.002933  0.005079  0.058365
                                3:  0.002933  0.005079  0.097275
                                4:  0.002933  0.005079  0.136185
                                5:  0.002933  0.011852  0.019455
                                6:  0.002933  0.011852  0.058365
                                7:  0.002933  0.011852  0.097275
                                8:  0.002933  0.011852  0.136185
                                9:  0.002933  0.018624  0.019455
                               10:  0.002933  0.018624  0.058365
                               11:  0.002933  0.018624  0.097275
                               12:  0.002933  0.018624  0.136185
                               13:  0.002933  0.025397  0.019455
                               14:  0.002933  0.025397  0.058365
                               15:  0.002933  0.025397  0.097275
                               16:  0.002933  0.025397  0.136185
                               17:  0.008798  0.008466  0.019455
                               18:  0.008798  0.008466  0.058365
                               19:  0.008798  0.008466  0.097275
                               20:  0.008798  0.008466  0.136185
                               21:  0.008798  0.015238  0.019455
                               22:  0.008798  0.015238  0.058365
                               23:  0.008798  0.015238  0.097275
                               24:  0.008798  0.015238  0.136185
                               25:  0.008798  0.022011  0.019455
                               26:  0.008798  0.022011  0.058365
                               27:  0.008798  0.022011  0.097275
                               28:  0.008798  0.022011  0.136185
                               29:  0.008798  0.028783  0.019455
                               30:  0.008798  0.028783  0.058365
                               31:  0.008798  0.028783  0.097275
                               32:  0.008798  0.028783  0.136185

Coordinates of moved atoms (au):
    1      0.85270631     19.45702022      3.21253418
    2      4.03570275     27.92399308      3.21253418
    3     -4.88840906     26.44706243      3.21253418
    4     20.45962339     17.45701765      3.21253418
    5     17.27662695      8.99004478      3.21253418
    6     26.20073876     10.46697544      3.21253418
    7      5.76413269     20.38097859      3.21253418
    8      0.77981814     31.71543391      3.21253418
    9     -6.54395083     21.73166323      3.21253418
   10     15.54819701     16.53305928      3.21253418
   11     20.53251156      5.19860395      3.21253418
   12     27.85628053     15.18237463      3.21253418
   13      0.47824868     21.83317684      3.21253418
   14      2.16511957     26.41162495      3.21253418
   15     -2.64336825     25.58327394      3.21253418
   16     20.83408102     15.08086103      3.21253418
   17     19.14721013     10.50241291      3.21253418
   18     23.95569795     11.33076392      3.21253418
   19      2.59221866     23.64824008      3.21253418
   20     -0.46375629     27.33484504      3.21253418
   21     -2.12846237     22.84499061      3.21253418
   22     18.72011104     13.26579779      3.21253418
   23     21.77608599      9.57919283      3.21253418
   24     23.44079207     14.06904725      3.21253418
   25      5.07446570     22.80696916      3.21253418
   26     -0.97631782     29.90516950      3.21253418
   27     -4.09814788     21.11593708      3.21253418
   28     16.23786400     14.10706871      3.21253418
   29     22.28864752      7.00886837      3.21253418
   30     25.41047758     15.79810079      3.21253418
   31      8.15367110     19.45517452      3.21253418
   32      0.38681878     34.24773691      3.21253418
   33     -8.54048988     20.12516430      3.21253418
   34     13.15865860     17.45886335      3.21253418
   35     20.92551092      2.66630096      3.21253418
   36     29.85281958     16.78887356      3.21253418
   37      8.58503265     16.82910986      3.21253418
   38      2.44537671     35.93433930      3.21253418
   39    -11.03040936     21.06462657      3.21253418
   40     12.72729705     20.08492800      3.21253418
   41     18.86695299      0.97969857      3.21253418
   42     32.34273906     15.84941130      3.21253418
   43     10.29023215     21.06499571      3.21253418
   44     -2.07560779     35.29314246      3.21253418
   45     -8.21462436     17.46993756      3.21253418
   46     11.02209755     15.84904216      3.21253418
   47     23.38793749      1.62089540      3.21253418
   48     29.52695406     19.44410031      3.21253418
   49      6.96124625     15.51976894      3.21253418
   50      4.39119241     35.18276949      3.21253418
   51    -11.35243866     23.12553730      3.21253418
   52     14.35108345     21.39426893      3.21253418
   53     16.92113729      1.73126838      3.21253418
   54     32.66476836     13.78850056      3.21253418
   55      6.63729884     24.21450142      3.21253418
   56     -2.97669309     30.55485656      3.21253418
   57     -3.66060575     19.05871775      3.21253418
   58     14.67503086     12.69953645      3.21253418
   59     24.28902279      6.35918130      3.21253418
   60     24.97293545     17.85532012      3.21253418
   61     10.03832041     23.13956464      3.21253418
   62     -3.74628131     34.03769604      3.21253418
   63     -6.29203910     16.65081506      3.21253418
   64     11.27400929     13.77447323      3.21253418
   65     25.05861101      2.87634183      3.21253418
   66     27.60436880     20.26322281      3.21253418
   67      4.21344758     19.10079975      3.21253418
   68      2.66382809     31.01259063      3.21253418
   69     -6.87727567     23.71468535      3.21253418
   70     17.09888212     17.81323811      3.21253418
   71     18.64850161      5.90144723      3.21253418
   72     28.18960537     13.19935252      3.21253418

 Total charge:    -0.00000000

 Atomic gross charges (e)
 Atom           Charge
    1      -0.59153218
    2      -0.59153218
    3      -0.59153218
    4      -0.59153218
    5      -0.59153218
    6      -0.59153218
    7      -0.11204635
    8      -0.11204635
    9      -0.11204635
   10      -0.11204635
   11      -0.11204635
   12      -0.11204635
   13       0.45086093
   14       0.45086093
   15       0.45086093
   16       0.45086093
   17       0.45086093
   18       0.45086093
   19      -0.26302471
   20      -0.26302471
   21      -0.26302471
   22      -0.26302471
   23      -0.26302471
   24      -0.26302471
   25       0.08360170
   26       0.08360170
   27       0.08360170
   28       0.08360170
   29       0.08360170
   30       0.08360170
   31       0.13940513
   32       0.13940513
   33       0.13940513
   34       0.13940513
   35       0.13940513
   36       0.13940513
   37      -0.13710861
   38      -0.13710861
   39      -0.13710861
   40      -0.13710861
   41      -0.13710861
   42      -0.13710861
   43      -0.13993710
   44      -0.13993710
   45      -0.13993710
   46      -0.13993710
   47      -0.13993710
   48      -0.13993710
   49       0.09155731
   50       0.09155731
   51       0.09155731
   52       0.09155731
   53       0.09155731
   54       0.09155731
   55       0.10886974
   56       0.10886974
   57       0.10886974
   58       0.10886974
   59       0.10886974
   60       0.10886974
   61       0.09355680
   62       0.09355680
   63       0.09355680
   64       0.09355680
   65       0.09355680
   66       0.09355680
   67       0.27579735
   68       0.27579735
   69       0.27579735
   70       0.27579735
   71       0.27579735
   72       0.27579735

Nr. of electrons (up):    234.00000000
Atom populations (up)
 Atom       Population
    1       6.59153218
    2       6.59153218
    3       6.59153218
    4       6.59153218
    5       6.59153218
    6       6.59153218
    7       5.11204635
    8       5.11204635
    9       5.11204635
   10       5.11204635
   11       5.11204635
   12       5.11204635
   13       3.54913907
   14       3.54913907
   15       3.54913907
   16       3.54913907
   17       3.54913907
   18       3.54913907
   19       4.26302471
   20       4.26302471
   21       4.26302471
   22       4.26302471
   23       4.26302471
   24       4.26302471
   25       3.91639830
   26       3.91639830
   27       3.91639830
   28       3.91639830
   29       3.91639830
   30       3.91639830
   31       3.86059487
   32       3.86059487
   33       3.86059487
   34       3.86059487
   35       3.86059487
   36       3.86059487
   37       4.13710861
   38       4.13710861
   39       4.13710861
   40       4.13710861
   41       4.13710861
   42       4.13710861
   43       4.13993710
   44       4.13993710
   45       4.13993710
   46       4.13993710
   47       4.13993710
   48       4.13993710
   49       0.90844269
   50       0.90844269
   51       0.90844269
   52       0.90844269
   53       0.90844269
   54       0.90844269
   55       0.89113026
   56       0.89113026
   57       0.89113026
   58       0.89113026
   59       0.89113026
   60       0.89113026
   61       0.90644320
   62       0.90644320
   63       0.90644320
   64       0.90644320
   65       0.90644320
   66       0.90644320
   67       0.72420265
   68       0.72420265
   69       0.72420265
   70       0.72420265
   71       0.72420265
   72       0.72420265

l-shell populations (up)
 Atom Sh.   l       Population
    1   1   0       1.78247618
    1   2   1       4.80905600
    2   1   0       1.78247618
    2   2   1       4.80905600
    3   1   0       1.78247618
    3   2   1       4.80905600
    4   1   0       1.78247618
    4   2   1       4.80905600
    5   1   0       1.78247618
    5   2   1       4.80905600
    6   1   0       1.78247618
    6   2   1       4.80905600
    7   1   0       1.39862095
    7   2   1       3.71342541
    8   1   0       1.39862095
    8   2   1       3.71342541
    9   1   0       1.39862095
    9   2   1       3.71342541
   10   1   0       1.39862095
   10   2   1       3.71342541
   11   1   0       1.39862095
   11   2   1       3.71342541
   12   1   0       1.39862095
   12   2   1       3.71342541
   13   1   0       1.11738434
   13   2   1       2.43175473
   14   1   0       1.11738434
   14   2   1       2.43175473
   15   1   0       1.11738434
   15   2   1       2.43175473
   16   1   0       1.11738434
   16   2   1       2.43175473
   17   1   0       1.11738434
   17   2   1       2.43175473
   18   1   0       1.11738434
   18   2   1       2.43175473
   19   1   0       1.21164313
   19   2   1       3.05138158
   20   1   0       1.21164313
   20   2   1       3.05138158
   21   1   0       1.21164313
   21   2   1       3.05138158
   22   1   0       1.21164313
   22   2   1       3.05138158
   23   1   0       1.21164313
   23   2   1       3.05138158
   24   1   0       1.21164313
   24   2   1       3.05138158
   25   1   0       1.19226564
   25   2   1       2.72413266
   26   1   0       1.19226564
   26   2   1       2.72413266
   27   1   0       1.19226564
   27   2   1       2.72413266
   28   1   0       1.19226564
   28   2   1       2.72413266
   29   1   0       1.19226564
   29   2   1       2.72413266
   30   1   0       1.19226564
   30   2   1       2.72413266
   31   1   0       1.12484234
   31   2   1       2.73575253
   32   1   0       1.12484234
   32   2   1       2.73575253
   33   1   0       1.12484234
   33   2   1       2.73575253
   34   1   0       1.12484234
   34   2   1       2.73575253
   35   1   0       1.12484234
   35   2   1       2.73575253
   36   1   0       1.12484234
   36   2   1       2.73575253
   37   1   0       1.22940087
   37   2   1       2.90770774
   38   1   0       1.22940087
   38   2   1       2.90770774
   39   1   0       1.22940087
   39   2   1       2.90770774
   40   1   0       1.22940087
   40   2   1       2.90770774
   41   1   0       1.22940087
   41   2   1       2.90770774
   42   1   0       1.22940087
   42   2   1       2.90770774
   43   1   0       1.22975247
   43   2   1       2.91018463
   44   1   0       1.22975247
   44   2   1       2.91018463
   45   1   0       1.22975247
   45   2   1       2.91018463
   46   1   0       1.22975247
   46   2   1       2.91018463
   47   1   0       1.22975247
   47   2   1       2.91018463
   48   1   0       1.22975247
   48   2   1       2.91018463
   49   1   0       0.90844269
   50   1   0       0.90844269
   51   1   0       0.90844269
   52   1   0       0.90844269
   53   1   0       0.90844269
   54   1   0       0.90844269
   55   1   0       0.89113026
   56   1   0       0.89113026
   57   1   0       0.89113026
   58   1   0       0.89113026
   59   1   0       0.89113026
   60   1   0       0.89113026
   61   1   0       0.90644320
   62   1   0       0.90644320
   63   1   0       0.90644320
   64   1   0       0.90644320
   65   1   0       0.90644320
   66   1   0       0.90644320
   67   1   0       0.72420265
   68   1   0       0.72420265
   69   1   0       0.72420265
   70   1   0       0.72420265
   71   1   0       0.72420265
   72   1   0       0.72420265

Orbital populations (up)
 Atom Sh.   l   m       Population  Label
    1   1   0   0       1.78247618  s
    1   2   1  -1       1.42345964  p_y
    1   2   1   0       1.49254220  p_z
    1   2   1   1       1.89305416  p_x
    2   1   0   0       1.78247618  s
    2   2   1  -1       1.70147535  p_y
    2   2   1   0       1.49254220  p_z
    2   2   1   1       1.61503846  p_x
    3   1   0   0       1.78247618  s
    3   2   1  -1       1.84983572  p_y
    3   2   1   0       1.49254219  p_z
    3   2   1   1       1.46667809  p_x
    4   1   0   0       1.78247618  s
    4   2   1  -1       1.42345964  p_y
    4   2   1   0       1.49254220  p_z
    4   2   1   1       1.89305416  p_x
    5   1   0   0       1.78247618  s
    5   2   1  -1       1.70147535  p_y
    5   2   1   0       1.49254220  p_z
    5   2   1   1       1.61503846  p_x
    6   1   0   0       1.78247618  s
    6   2   1  -1       1.84983572  p_y
    6   2   1   0       1.49254219  p_z
    6   2   1   1       1.46667809  p_x
    7   1   0   0       1.39862095  s
    7   2   1  -1       1.10902415  p_y
    7   2   1   0       1.49654032  p_z
    7   2   1   1       1.10786093  p_x
    8   1   0   0       1.39862095  s
    8   2   1  -1       1.05606994  p_y
    8   2   1   0       1.49654032  p_z
    8   2   1   1       1.16081515  p_x
    9   1   0   0       1.39862095  s
    9   2   1  -1       1.16023354  p_y
    9   2   1   0       1.49654032  p_z
    9   2   1   1       1.05665155  p_x
   10   1   0   0       1.39862095  s
   10   2   1  -1       1.10902415  p_y
   10   2   1   0       1.49654032  p_z
   10   2   1   1       1.10786093  p_x
   11   1   0   0       1.39862095  s
   11   2   1  -1       1.05606994  p_y
   11   2   1   0       1.49654032  p_z
   11   2   1   1       1.16081515  p_x
   12   1   0   0       1.39862095  s
   12   2   1  -1       1.16023354  p_y
   12   2   1   0       1.49654032  p_z
   12   2   1   1       1.05665155  p_x
   13   1   0   0       1.11738434  s
   13   2   1  -1       0.77459548  p_y
   13   2   1   0       0.79293088  p_z
   13   2   1   1       0.86422837  p_x
   14   1   0   0       1.11738434  s
   14   2   1  -1       0.83085932  p_y
   14   2   1   0       0.79293088  p_z
   14   2   1   1       0.80796454  p_x
   15   1   0   0       1.11738434  s
   15   2   1  -1       0.85278098  p_y
   15   2   1   0       0.79293088  p_z
   15   2   1   1       0.78604287  p_x
   16   1   0   0       1.11738434  s
   16   2   1  -1       0.77459548  p_y
   16   2   1   0       0.79293088  p_z
   16   2   1   1       0.86422837  p_x
   17   1   0   0       1.11738434  s
   17   2   1  -1       0.83085932  p_y
   17   2   1   0       0.79293088  p_z
   17   2   1   1       0.80796454  p_x
   18   1   0   0       1.11738434  s
   18   2   1  -1       0.85278098  p_y
   18   2   1   0       0.79293088  p_z
   18   2   1   1       0.78604287  p_x
   19   1   0   0       1.21164313  s
   19   2   1  -1       0.94179573  p_y
   19   2   1   0       1.19888772  p_z
   19   2   1   1       0.91069813  p_x
   20   1   0   0       1.21164313  s
   20   2   1  -1       0.91336146  p_y
   20   2   1   0       1.19888772  p_z
   20   2   1   1       0.93913240  p_x
   21   1   0   0       1.21164313  s
   21   2   1  -1       0.92358361  p_y
   21   2   1   0       1.19888772  p_z
   21   2   1   1       0.92891026  p_x
   22   1   0   0       1.21164313  s
   22   2   1  -1       0.94179573  p_y
   22   2   1   0       1.19888772  p_z
   22   2   1   1       0.91069813  p_x
   23   1   0   0       1.21164313  s
   23   2   1  -1       0.91336146  p_y
   23   2   1   0       1.19888772  p_z
   23   2   1   1       0.93913240  p_x
   24   1   0   0       1.21164313  s
   24   2   1  -1       0.92358361  p_y
   24   2   1   0       1.19888772  p_z
   24   2   1   1       0.92891026  p_x
   25   1   0   0       1.19226564  s
   25   2   1  -1       0.86802187  p_y
   25   2   1   0       0.90939486  p_z
   25   2   1   1       0.94671593  p_x
   26   1   0   0       1.19226564  s
   26   2   1  -1       0.88481302  p_y
   26   2   1   0       0.90939486  p_z
   26   2   1   1       0.92992478  p_x
   27   1   0   0       1.19226564  s
   27   2   1  -1       0.96927181  p_y
   27   2   1   0       0.90939486  p_z
   27   2   1   1       0.84546599  p_x
   28   1   0   0       1.19226564  s
   28   2   1  -1       0.86802187  p_y
   28   2   1   0       0.90939486  p_z
   28   2   1   1       0.94671593  p_x
   29   1   0   0       1.19226564  s
   29   2   1  -1       0.88481302  p_y
   29   2   1   0       0.90939486  p_z
   29   2   1   1       0.92992478  p_x
   30   1   0   0       1.19226564  s
   30   2   1  -1       0.96927181  p_y
   30   2   1   0       0.90939486  p_z
   30   2   1   1       0.84546599  p_x
   31   1   0   0       1.12484234  s
   31   2   1  -1       0.90619413  p_y
   31   2   1   0       1.00168288  p_z
   31   2   1   1       0.82787553  p_x
   32   1   0   0       1.12484234  s
   32   2   1  -1       0.81822769  p_y
   32   2   1   0       1.00168288  p_z
   32   2   1   1       0.91584197  p_x
   33   1   0   0       1.12484234  s
   33   2   1  -1       0.87668267  p_y
   33   2   1   0       1.00168288  p_z
   33   2   1   1       0.85738699  p_x
   34   1   0   0       1.12484234  s
   34   2   1  -1       0.90619413  p_y
   34   2   1   0       1.00168288  p_z
   34   2   1   1       0.82787553  p_x
   35   1   0   0       1.12484234  s
   35   2   1  -1       0.81822769  p_y
   35   2   1   0       1.00168288  p_z
   35   2   1   1       0.91584197  p_x
   36   1   0   0       1.12484234  s
   36   2   1  -1       0.87668267  p_y
   36   2   1   0       1.00168288  p_z
   36   2   1   1       0.85738699  p_x
   37   1   0   0       1.22940087  s
   37   2   1  -1       0.91715592  p_y
   37   2   1   0       1.05272000  p_z
   37   2   1   1       0.93783182  p_x
   38   1   0   0       1.22940087  s
   38   2   1  -1       0.92091570  p_y
   38   2   1   0       1.05272000  p_z
   38   2   1   1       0.93407204  p_x
   39   1   0   0       1.22940087  s
   39   2   1  -1       0.94440999  p_y
   39   2   1   0       1.05272000  p_z
   39   2   1   1       0.91057775  p_x
   40   1   0   0       1.22940087  s
   40   2   1  -1       0.91715592  p_y
   40   2   1   0       1.05272000  p_z
   40   2   1   1       0.93783182  p_x
   41   1   0   0       1.22940087  s
   41   2   1  -1       0.92091570  p_y
   41   2   1   0       1.05272000  p_z
   41   2   1   1       0.93407204  p_x
   42   1   0   0       1.22940087  s
   42   2   1  -1       0.94440999  p_y
   42   2   1   0       1.05272000  p_z
   42   2   1   1       0.91057775  p_x
   43   1   0   0       1.22975247  s
   43   2   1  -1       0.94206114  p_y
   43   2   1   0       1.05558321  p_z
   43   2   1   1       0.91254028  p_x
   44   1   0   0       1.22975247  s
   44   2   1  -1       0.92905698  p_y
   44   2   1   0       1.05558321  p_z
   44   2   1   1       0.92554443  p_x
   45   1   0   0       1.22975247  s
   45   2   1  -1       0.91078400  p_y
   45   2   1   0       1.05558321  p_z
   45   2   1   1       0.94381741  p_x
   46   1   0   0       1.22975247  s
   46   2   1  -1       0.94206114  p_y
   46   2   1   0       1.05558321  p_z
   46   2   1   1       0.91254028  p_x
   47   1   0   0       1.22975247  s
   47   2   1  -1       0.92905698  p_y
   47   2   1   0       1.05558321  p_z
   47   2   1   1       0.92554443  p_x
   48   1   0   0       1.22975247  s
   48   2   1  -1       0.91078400  p_y
   48   2   1   0       1.05558321  p_z
   48   2   1   1       0.94381741  p_x
   49   1   0   0       0.90844269  s
   50   1   0   0       0.90844269  s
   51   1   0   0       0.90844269  s
   52   1   0   0       0.90844269  s
   53   1   0   0       0.90844269  s
   54   1   0   0       0.90844269  s
   55   1   0   0       0.89113026  s
   56   1   0   0       0.89113026  s
   57   1   0   0       0.89113026  s
   58   1   0   0       0.89113026  s
   59   1   0   0       0.89113026  s
   60   1   0   0       0.89113026  s
   61   1   0   0       0.90644320  s
   62   1   0   0       0.90644320  s
   63   1   0   0       0.90644320  s
   64   1   0   0       0.90644320  s
   65   1   0   0       0.90644320  s
   66   1   0   0       0.90644320  s
   67   1   0   0       0.72420265  s
   68   1   0   0       0.72420265  s
   69   1   0   0       0.72420265  s
   70   1   0   0       0.72420265  s
   71   1   0   0       0.72420265  s
   72   1   0   0       0.72420265  s

Fermi level:                        -0.1622557999 H           -4.4152 eV
Band energy:                      -106.5530568819 H        -2899.4562 eV
TS:                                  0.0000000000 H            0.0000 eV
Band free energy (E-TS):          -106.5530568819 H        -2899.4562 eV
Extrapolated E(0K):               -106.5530568819 H        -2899.4562 eV
Input / Output electrons (q):    234.0000000000    234.0000000000

Energy H0:                        -106.8665472109 H        -2907.9867 eV
Energy SCC:                          0.1940415836 H            5.2801 eV
Energy 3rd:                         -0.0218624524 H           -0.5949 eV
Total Electronic energy:          -106.6943680797 H        -2903.3015 eV
Repulsive energy:                    1.8673692057 H           50.8137 eV
Dispersion energy:                   0.3152147851 H            8.5774 eV
Total energy:                     -104.5117840889 H        -2843.9103 eV
Extrapolated to 0:                -104.5117840889 H        -2843.9103 eV
Total Mermin free energy:         -104.5117840889 H        -2843.9103 eV
Force related energy:             -104.5117840889 H        -2843.9103 eV

Non-constrained calculation

SCC converged

Full geometry written in 1e-1-Out.{xyz|gen}

Warning: dipole moment is not defined absolutely!
Dipole moment:    0.00000000   -0.00000000   -0.00000000 au
Dipole moment:    0.00000000   -0.00000000   -0.00000000 Debye

Geometry converged

