 Fermi distribution function

Geometry optimization step: 109, Lattice step: 4


********************************************************************************
 iSCC Total electronic   Diff electronic      SCC error    
    1   -0.10666473E+03    0.00000000E+00    0.20007627E-05
********************************************************************************

K-points in absolute space:     1:  0.002893  0.005011  0.018700
                                2:  0.002893  0.005011  0.056101
                                3:  0.002893  0.005011  0.093502
                                4:  0.002893  0.005011  0.130902
                                5:  0.002893  0.011691  0.018700
                                6:  0.002893  0.011691  0.056101
                                7:  0.002893  0.011691  0.093502
                                8:  0.002893  0.011691  0.130902
                                9:  0.002893  0.018372  0.018700
                               10:  0.002893  0.018372  0.056101
                               11:  0.002893  0.018372  0.093502
                               12:  0.002893  0.018372  0.130902
                               13:  0.002893  0.025053  0.018700
                               14:  0.002893  0.025053  0.056101
                               15:  0.002893  0.025053  0.093502
                               16:  0.002893  0.025053  0.130902
                               17:  0.008678  0.008351  0.018700
                               18:  0.008678  0.008351  0.056101
                               19:  0.008678  0.008351  0.093502
                               20:  0.008678  0.008351  0.130902
                               21:  0.008678  0.015032  0.018700
                               22:  0.008678  0.015032  0.056101
                               23:  0.008678  0.015032  0.093502
                               24:  0.008678  0.015032  0.130902
                               25:  0.008678  0.021712  0.018700
                               26:  0.008678  0.021712  0.056101
                               27:  0.008678  0.021712  0.093502
                               28:  0.008678  0.021712  0.130902
                               29:  0.008678  0.028393  0.018700
                               30:  0.008678  0.028393  0.056101
                               31:  0.008678  0.028393  0.093502
                               32:  0.008678  0.028393  0.130902

Coordinates of moved atoms (au):
    1      0.92726198     19.83848682      3.34218739
    2      3.96090443     28.30490830      3.34218739
    3     -4.88805524     26.69891103      3.34218739
    4     20.67801404     17.58269801      3.34218739
    5     17.64437159      9.11627653      3.34218739
    6     26.49333126     10.72227380      3.34218739
    7      5.89609395     20.80947463      3.34218739
    8      0.63560120     32.12254610      3.34218739
    9     -6.53157498     21.91029654      3.34218739
   10     15.70918207     16.61171021      3.34218739
   11     20.96967482      5.29863874      3.34218739
   12     28.13685100     15.51088829      3.34218739
   13      0.51842493     22.17209308      3.34218739
   14      2.14435723     26.78404462      3.34218739
   15     -2.66267458     25.88616863      3.34218739
   16     21.08685109     15.24909175      3.34218739
   17     19.46091880     10.63714021      3.34218739
   18     24.26795061     11.53501620      3.34218739
   19      2.62673450     24.01995918      3.34218739
   20     -0.51009525     27.68596320      3.34218739
   21     -2.11653267     23.13638561      3.34218739
   22     18.97854152     13.40122565      3.34218739
   23     22.11537127      9.73522163      3.34218739
   24     23.72180869     14.28479922      3.34218739
   25      5.15169381     23.26111510      3.34218739
   26     -1.11539146     30.25206579      3.34218739
   27     -4.03619514     21.32913231      3.34218739
   28     16.45358222     14.16006973      3.34218739
   29     22.72066748      7.16911904      3.34218739
   30     25.64147116     16.09205252      3.34218739
   31      8.36440965     19.82863916      3.34218739
   32      0.25089753     34.75059093      3.34218739
   33     -8.61517648     20.26311034      3.34218739
   34     13.24086637     17.59254567      3.34218739
   35     21.35437848      2.67059390      3.34218739
   36     30.22045250     17.15807449      3.34218739
   37      8.65805224     17.16952591      3.34218739
   38      2.40695458     36.33442496      3.34218739
   39    -11.06484536     21.33839333      3.34218739
   40     12.94722378     20.25165892      3.34218739
   41     19.19832144      1.08675988      3.34218739
   42     32.67012138     16.08279150      3.34218739
   43     10.55886996     21.35724402      3.34218739
   44     -2.17013019     35.88677421      3.34218739
   45     -8.38862542     17.59834752      3.34218739
   46     11.04640606     16.06394081      3.34218739
   47     23.77540621      1.53441062      3.34218739
   48     29.99390144     19.82283731      3.34218739
   49      6.99076914     15.96272778      3.34218739
   50      4.28570370     35.49389186      3.34218739
   51    -11.27629729     23.38570403      3.34218739
   52     14.61450689     21.45845705      3.34218739
   53     17.31957232      1.92729298      3.34218739
   54     32.88157331     14.03548080      3.34218739
   55      6.60762428     24.72859631      3.34218739
   56     -3.11423062     30.77920583      3.34218739
   57     -3.49329294     19.33451621      3.34218739
   58     14.99765174     12.69258852      3.34218739
   59     24.71950664      6.64197900      3.34218739
   60     25.09856896     18.08666862      3.34218739
   61     10.42047496     23.40839007      3.34218739
   62     -3.87729088     34.74136707      3.34218739
   63     -6.54309293     16.69260785      3.34218739
   64     11.18480106     14.01279476      3.34218739
   65     25.48256690      2.67981776      3.34218739
   66     28.14836895     20.72857699      3.34218739
   67      4.41169549     19.53032586      3.34218739
   68      2.48557125     31.47657970      3.34218739
   69     -6.89713647     23.83540115      3.34218739
   70     17.19358053     17.89085897      3.34218739
   71     19.11970477      5.94460513      3.34218739
   72     28.50241250     13.58578368      3.34218739

 Total charge:    -0.00000000

 Atomic gross charges (e)
 Atom           Charge
    1      -0.57661207
    2      -0.57661303
    3      -0.57661269
    4      -0.57661207
    5      -0.57661303
    6      -0.57661269
    7      -0.13523010
    8      -0.13523062
    9      -0.13523077
   10      -0.13523010
   11      -0.13523062
   12      -0.13523077
   13       0.45040937
   14       0.45040914
   15       0.45040924
   16       0.45040937
   17       0.45040914
   18       0.45040924
   19      -0.25967281
   20      -0.25967286
   21      -0.25967330
   22      -0.25967281
   23      -0.25967286
   24      -0.25967330
   25       0.08767848
   26       0.08767867
   27       0.08767875
   28       0.08767848
   29       0.08767867
   30       0.08767875
   31       0.13508165
   32       0.13508183
   33       0.13508190
   34       0.13508165
   35       0.13508183
   36       0.13508190
   37      -0.13595447
   38      -0.13595452
   39      -0.13595453
   40      -0.13595447
   41      -0.13595452
   42      -0.13595453
   43      -0.13030215
   44      -0.13030204
   45      -0.13030206
   46      -0.13030215
   47      -0.13030204
   48      -0.13030206
   49       0.09275927
   50       0.09275937
   51       0.09275940
   52       0.09275927
   53       0.09275937
   54       0.09275940
   55       0.11099634
   56       0.11099620
   57       0.11099608
   58       0.11099634
   59       0.11099620
   60       0.11099608
   61       0.09333913
   62       0.09333900
   63       0.09333902
   64       0.09333913
   65       0.09333900
   66       0.09333902
   67       0.26750799
   68       0.26750857
   69       0.26750865
   70       0.26750799
   71       0.26750857
   72       0.26750865

Nr. of electrons (up):    234.00000000
Atom populations (up)
 Atom       Population
    1       6.57661207
    2       6.57661303
    3       6.57661269
    4       6.57661207
    5       6.57661303
    6       6.57661269
    7       5.13523010
    8       5.13523062
    9       5.13523077
   10       5.13523010
   11       5.13523062
   12       5.13523077
   13       3.54959063
   14       3.54959086
   15       3.54959076
   16       3.54959063
   17       3.54959086
   18       3.54959076
   19       4.25967281
   20       4.25967286
   21       4.25967330
   22       4.25967281
   23       4.25967286
   24       4.25967330
   25       3.91232152
   26       3.91232133
   27       3.91232125
   28       3.91232152
   29       3.91232133
   30       3.91232125
   31       3.86491835
   32       3.86491817
   33       3.86491810
   34       3.86491835
   35       3.86491817
   36       3.86491810
   37       4.13595447
   38       4.13595452
   39       4.13595453
   40       4.13595447
   41       4.13595452
   42       4.13595453
   43       4.13030215
   44       4.13030204
   45       4.13030206
   46       4.13030215
   47       4.13030204
   48       4.13030206
   49       0.90724073
   50       0.90724063
   51       0.90724060
   52       0.90724073
   53       0.90724063
   54       0.90724060
   55       0.88900366
   56       0.88900380
   57       0.88900392
   58       0.88900366
   59       0.88900380
   60       0.88900392
   61       0.90666087
   62       0.90666100
   63       0.90666098
   64       0.90666087
   65       0.90666100
   66       0.90666098
   67       0.73249201
   68       0.73249143
   69       0.73249135
   70       0.73249201
   71       0.73249143
   72       0.73249135

l-shell populations (up)
 Atom Sh.   l       Population
    1   1   0       1.77412749
    1   2   1       4.80248458
    2   1   0       1.77412766
    2   2   1       4.80248537
    3   1   0       1.77412760
    3   2   1       4.80248509
    4   1   0       1.77412749
    4   2   1       4.80248458
    5   1   0       1.77412766
    5   2   1       4.80248537
    6   1   0       1.77412760
    6   2   1       4.80248509
    7   1   0       1.40835633
    7   2   1       3.72687377
    8   1   0       1.40835640
    8   2   1       3.72687422
    9   1   0       1.40835648
    9   2   1       3.72687429
   10   1   0       1.40835633
   10   2   1       3.72687377
   11   1   0       1.40835640
   11   2   1       3.72687422
   12   1   0       1.40835648
   12   2   1       3.72687429
   13   1   0       1.11618503
   13   2   1       2.43340561
   14   1   0       1.11618516
   14   2   1       2.43340570
   15   1   0       1.11618518
   15   2   1       2.43340558
   16   1   0       1.11618503
   16   2   1       2.43340561
   17   1   0       1.11618516
   17   2   1       2.43340570
   18   1   0       1.11618518
   18   2   1       2.43340558
   19   1   0       1.21667123
   19   2   1       3.04300157
   20   1   0       1.21667116
   20   2   1       3.04300169
   21   1   0       1.21667139
   21   2   1       3.04300191
   22   1   0       1.21667123
   22   2   1       3.04300157
   23   1   0       1.21667116
   23   2   1       3.04300169
   24   1   0       1.21667139
   24   2   1       3.04300191
   25   1   0       1.19659299
   25   2   1       2.71572853
   26   1   0       1.19659303
   26   2   1       2.71572831
   27   1   0       1.19659312
   27   2   1       2.71572813
   28   1   0       1.19659299
   28   2   1       2.71572853
   29   1   0       1.19659303
   29   2   1       2.71572831
   30   1   0       1.19659312
   30   2   1       2.71572813
   31   1   0       1.13988312
   31   2   1       2.72503524
   32   1   0       1.13988303
   32   2   1       2.72503514
   33   1   0       1.13988300
   33   2   1       2.72503510
   34   1   0       1.13988312
   34   2   1       2.72503524
   35   1   0       1.13988303
   35   2   1       2.72503514
   36   1   0       1.13988300
   36   2   1       2.72503510
   37   1   0       1.23037393
   37   2   1       2.90558054
   38   1   0       1.23037404
   38   2   1       2.90558049
   39   1   0       1.23037401
   39   2   1       2.90558052
   40   1   0       1.23037393
   40   2   1       2.90558054
   41   1   0       1.23037404
   41   2   1       2.90558049
   42   1   0       1.23037401
   42   2   1       2.90558052
   43   1   0       1.22620665
   43   2   1       2.90409550
   44   1   0       1.22620664
   44   2   1       2.90409540
   45   1   0       1.22620662
   45   2   1       2.90409544
   46   1   0       1.22620665
   46   2   1       2.90409550
   47   1   0       1.22620664
   47   2   1       2.90409540
   48   1   0       1.22620662
   48   2   1       2.90409544
   49   1   0       0.90724073
   50   1   0       0.90724063
   51   1   0       0.90724060
   52   1   0       0.90724073
   53   1   0       0.90724063
   54   1   0       0.90724060
   55   1   0       0.88900366
   56   1   0       0.88900380
   57   1   0       0.88900392
   58   1   0       0.88900366
   59   1   0       0.88900380
   60   1   0       0.88900392
   61   1   0       0.90666087
   62   1   0       0.90666100
   63   1   0       0.90666098
   64   1   0       0.90666087
   65   1   0       0.90666100
   66   1   0       0.90666098
   67   1   0       0.73249201
   68   1   0       0.73249143
   69   1   0       0.73249135
   70   1   0       0.73249201
   71   1   0       0.73249143
   72   1   0       0.73249135

Orbital populations (up)
 Atom Sh.   l   m       Population  Label
    1   1   0   0       1.77412749  s
    1   2   1  -1       1.43851433  p_y
    1   2   1   0       1.47042645  p_z
    1   2   1   1       1.89354380  p_x
    2   1   0   0       1.77412766  s
    2   2   1  -1       1.70284103  p_y
    2   2   1   0       1.47042798  p_z
    2   2   1   1       1.62921637  p_x
    3   1   0   0       1.77412760  s
    3   2   1  -1       1.85673153  p_y
    3   2   1   0       1.47042770  p_z
    3   2   1   1       1.47532586  p_x
    4   1   0   0       1.77412749  s
    4   2   1  -1       1.43851433  p_y
    4   2   1   0       1.47042645  p_z
    4   2   1   1       1.89354380  p_x
    5   1   0   0       1.77412766  s
    5   2   1  -1       1.70284103  p_y
    5   2   1   0       1.47042798  p_z
    5   2   1   1       1.62921637  p_x
    6   1   0   0       1.77412760  s
    6   2   1  -1       1.85673153  p_y
    6   2   1   0       1.47042770  p_z
    6   2   1   1       1.47532586  p_x
    7   1   0   0       1.40835633  s
    7   2   1  -1       1.09902118  p_y
    7   2   1   0       1.53236686  p_z
    7   2   1   1       1.09548573  p_x
    8   1   0   0       1.40835640  s
    8   2   1  -1       1.04753413  p_y
    8   2   1   0       1.53236588  p_z
    8   2   1   1       1.14697421  p_x
    9   1   0   0       1.40835648  s
    9   2   1  -1       1.14520750  p_y
    9   2   1   0       1.53236589  p_z
    9   2   1   1       1.04930090  p_x
   10   1   0   0       1.40835633  s
   10   2   1  -1       1.09902118  p_y
   10   2   1   0       1.53236686  p_z
   10   2   1   1       1.09548573  p_x
   11   1   0   0       1.40835640  s
   11   2   1  -1       1.04753413  p_y
   11   2   1   0       1.53236588  p_z
   11   2   1   1       1.14697421  p_x
   12   1   0   0       1.40835648  s
   12   2   1  -1       1.14520750  p_y
   12   2   1   0       1.53236589  p_z
   12   2   1   1       1.04930090  p_x
   13   1   0   0       1.11618503  s
   13   2   1  -1       0.77935409  p_y
   13   2   1   0       0.79054919  p_z
   13   2   1   1       0.86350233  p_x
   14   1   0   0       1.11618516  s
   14   2   1  -1       0.83189836  p_y
   14   2   1   0       0.79054905  p_z
   14   2   1   1       0.81095830  p_x
   15   1   0   0       1.11618518  s
   15   2   1  -1       0.85303259  p_y
   15   2   1   0       0.79054912  p_z
   15   2   1   1       0.78982388  p_x
   16   1   0   0       1.11618503  s
   16   2   1  -1       0.77935409  p_y
   16   2   1   0       0.79054919  p_z
   16   2   1   1       0.86350233  p_x
   17   1   0   0       1.11618516  s
   17   2   1  -1       0.83189836  p_y
   17   2   1   0       0.79054905  p_z
   17   2   1   1       0.81095830  p_x
   18   1   0   0       1.11618518  s
   18   2   1  -1       0.85303259  p_y
   18   2   1   0       0.79054912  p_z
   18   2   1   1       0.78982388  p_x
   19   1   0   0       1.21667123  s
   19   2   1  -1       0.94314354  p_y
   19   2   1   0       1.19335669  p_z
   19   2   1   1       0.90650134  p_x
   20   1   0   0       1.21667116  s
   20   2   1  -1       0.91127388  p_y
   20   2   1   0       1.19335700  p_z
   20   2   1   1       0.93837081  p_x
   21   1   0   0       1.21667139  s
   21   2   1  -1       0.92004967  p_y
   21   2   1   0       1.19335725  p_z
   21   2   1   1       0.92959499  p_x
   22   1   0   0       1.21667123  s
   22   2   1  -1       0.94314354  p_y
   22   2   1   0       1.19335669  p_z
   22   2   1   1       0.90650134  p_x
   23   1   0   0       1.21667116  s
   23   2   1  -1       0.91127388  p_y
   23   2   1   0       1.19335700  p_z
   23   2   1   1       0.93837081  p_x
   24   1   0   0       1.21667139  s
   24   2   1  -1       0.92004967  p_y
   24   2   1   0       1.19335725  p_z
   24   2   1   1       0.92959499  p_x
   25   1   0   0       1.19659299  s
   25   2   1  -1       0.86174207  p_y
   25   2   1   0       0.90845032  p_z
   25   2   1   1       0.94553613  p_x
   26   1   0   0       1.19659303  s
   26   2   1  -1       0.87962955  p_y
   26   2   1   0       0.90845043  p_z
   26   2   1   1       0.92764833  p_x
   27   1   0   0       1.19659312  s
   27   2   1  -1       0.96954556  p_y
   27   2   1   0       0.90845040  p_z
   27   2   1   1       0.83773218  p_x
   28   1   0   0       1.19659299  s
   28   2   1  -1       0.86174207  p_y
   28   2   1   0       0.90845032  p_z
   28   2   1   1       0.94553613  p_x
   29   1   0   0       1.19659303  s
   29   2   1  -1       0.87962955  p_y
   29   2   1   0       0.90845043  p_z
   29   2   1   1       0.92764833  p_x
   30   1   0   0       1.19659312  s
   30   2   1  -1       0.96954556  p_y
   30   2   1   0       0.90845040  p_z
   30   2   1   1       0.83773218  p_x
   31   1   0   0       1.13988312  s
   31   2   1  -1       0.90245012  p_y
   31   2   1   0       1.00517932  p_z
   31   2   1   1       0.81740580  p_x
   32   1   0   0       1.13988303  s
   32   2   1  -1       0.80611598  p_y
   32   2   1   0       1.00517923  p_z
   32   2   1   1       0.91373993  p_x
   33   1   0   0       1.13988300  s
   33   2   1  -1       0.87121848  p_y
   33   2   1   0       1.00517919  p_z
   33   2   1   1       0.84863743  p_x
   34   1   0   0       1.13988312  s
   34   2   1  -1       0.90245012  p_y
   34   2   1   0       1.00517932  p_z
   34   2   1   1       0.81740580  p_x
   35   1   0   0       1.13988303  s
   35   2   1  -1       0.80611598  p_y
   35   2   1   0       1.00517923  p_z
   35   2   1   1       0.91373993  p_x
   36   1   0   0       1.13988300  s
   36   2   1  -1       0.87121848  p_y
   36   2   1   0       1.00517919  p_z
   36   2   1   1       0.84863743  p_x
   37   1   0   0       1.23037393  s
   37   2   1  -1       0.91666832  p_y
   37   2   1   0       1.04932036  p_z
   37   2   1   1       0.93959187  p_x
   38   1   0   0       1.23037404  s
   38   2   1  -1       0.92249054  p_y
   38   2   1   0       1.04932024  p_z
   38   2   1   1       0.93376970  p_x
   39   1   0   0       1.23037401  s
   39   2   1  -1       0.94523186  p_y
   39   2   1   0       1.04932023  p_z
   39   2   1   1       0.91102844  p_x
   40   1   0   0       1.23037393  s
   40   2   1  -1       0.91666832  p_y
   40   2   1   0       1.04932036  p_z
   40   2   1   1       0.93959187  p_x
   41   1   0   0       1.23037404  s
   41   2   1  -1       0.92249054  p_y
   41   2   1   0       1.04932024  p_z
   41   2   1   1       0.93376970  p_x
   42   1   0   0       1.23037401  s
   42   2   1  -1       0.94523186  p_y
   42   2   1   0       1.04932023  p_z
   42   2   1   1       0.91102844  p_x
   43   1   0   0       1.22620665  s
   43   2   1  -1       0.94183572  p_y
   43   2   1   0       1.05048854  p_z
   43   2   1   1       0.91177123  p_x
   44   1   0   0       1.22620664  s
   44   2   1  -1       0.92861312  p_y
   44   2   1   0       1.05048853  p_z
   44   2   1   1       0.92499375  p_x
   45   1   0   0       1.22620662  s
   45   2   1  -1       0.90996154  p_y
   45   2   1   0       1.05048851  p_z
   45   2   1   1       0.94364539  p_x
   46   1   0   0       1.22620665  s
   46   2   1  -1       0.94183572  p_y
   46   2   1   0       1.05048854  p_z
   46   2   1   1       0.91177123  p_x
   47   1   0   0       1.22620664  s
   47   2   1  -1       0.92861312  p_y
   47   2   1   0       1.05048853  p_z
   47   2   1   1       0.92499375  p_x
   48   1   0   0       1.22620662  s
   48   2   1  -1       0.90996154  p_y
   48   2   1   0       1.05048851  p_z
   48   2   1   1       0.94364539  p_x
   49   1   0   0       0.90724073  s
   50   1   0   0       0.90724063  s
   51   1   0   0       0.90724060  s
   52   1   0   0       0.90724073  s
   53   1   0   0       0.90724063  s
   54   1   0   0       0.90724060  s
   55   1   0   0       0.88900366  s
   56   1   0   0       0.88900380  s
   57   1   0   0       0.88900392  s
   58   1   0   0       0.88900366  s
   59   1   0   0       0.88900380  s
   60   1   0   0       0.88900392  s
   61   1   0   0       0.90666087  s
   62   1   0   0       0.90666100  s
   63   1   0   0       0.90666098  s
   64   1   0   0       0.90666087  s
   65   1   0   0       0.90666100  s
   66   1   0   0       0.90666098  s
   67   1   0   0       0.73249201  s
   68   1   0   0       0.73249143  s
   69   1   0   0       0.73249135  s
   70   1   0   0       0.73249201  s
   71   1   0   0       0.73249143  s
   72   1   0   0       0.73249135  s

Fermi level:                        -0.1598366278 H           -4.3494 eV
Band energy:                      -105.7243034956 H        -2876.9047 eV
TS:                                  0.0000000000 H            0.0000 eV
Band free energy (E-TS):          -105.7243034956 H        -2876.9047 eV
Extrapolated E(0K):               -105.7243034956 H        -2876.9047 eV
Input / Output electrons (q):    234.0000000000    234.0000000000

Energy H0:                        -106.8244648143 H        -2906.8416 eV
Energy SCC:                          0.1798200358 H            4.8932 eV
Energy 3rd:                         -0.0200871252 H           -0.5466 eV
Total Electronic energy:          -106.6647319037 H        -2902.4950 eV
Repulsive energy:                    1.8070716181 H           49.1729 eV
Dispersion energy:                   0.3097948613 H            8.4299 eV
Total energy:                     -104.5478654243 H        -2844.8922 eV
Extrapolated to 0:                -104.5478654243 H        -2844.8922 eV
Total Mermin free energy:         -104.5478654243 H        -2844.8922 eV
Force related energy:             -104.5478654243 H        -2844.8922 eV

Atom resolved electronic energies 
    1     -3.39476768 H      -92.376329 eV
    2     -3.39476779 H      -92.376332 eV
    3     -3.39476772 H      -92.376330 eV
    4     -3.39476768 H      -92.376329 eV
    5     -3.39476779 H      -92.376332 eV
    6     -3.39476772 H      -92.376330 eV
    7     -2.47280787 H      -67.288526 eV
    8     -2.47280785 H      -67.288525 eV
    9     -2.47280781 H      -67.288524 eV
   10     -2.47280787 H      -67.288526 eV
   11     -2.47280785 H      -67.288525 eV
   12     -2.47280781 H      -67.288524 eV
   13     -1.74527002 H      -47.491214 eV
   14     -1.74526980 H      -47.491208 eV
   15     -1.74526984 H      -47.491209 eV
   16     -1.74527002 H      -47.491214 eV
   17     -1.74526980 H      -47.491208 eV
   18     -1.74526984 H      -47.491209 eV
   19     -1.76521576 H      -48.033965 eV
   20     -1.76521577 H      -48.033965 eV
   21     -1.76521568 H      -48.033963 eV
   22     -1.76521576 H      -48.033965 eV
   23     -1.76521577 H      -48.033965 eV
   24     -1.76521568 H      -48.033963 eV
   25     -1.75948019 H      -47.877892 eV
   26     -1.75948030 H      -47.877895 eV
   27     -1.75948022 H      -47.877893 eV
   28     -1.75948019 H      -47.877892 eV
   29     -1.75948030 H      -47.877895 eV
   30     -1.75948022 H      -47.877893 eV
   31     -1.76685575 H      -48.078591 eV
   32     -1.76685583 H      -48.078593 eV
   33     -1.76685584 H      -48.078594 eV
   34     -1.76685575 H      -48.078591 eV
   35     -1.76685583 H      -48.078593 eV
   36     -1.76685584 H      -48.078594 eV
   37     -1.75247787 H      -47.687349 eV
   38     -1.75247776 H      -47.687346 eV
   39     -1.75247777 H      -47.687346 eV
   40     -1.75247787 H      -47.687349 eV
   41     -1.75247776 H      -47.687346 eV
   42     -1.75247777 H      -47.687346 eV
   43     -1.75250984 H      -47.688219 eV
   44     -1.75250991 H      -47.688221 eV
   45     -1.75250993 H      -47.688222 eV
   46     -1.75250984 H      -47.688219 eV
   47     -1.75250991 H      -47.688221 eV
   48     -1.75250993 H      -47.688222 eV
   49     -0.34412629 H       -9.364153 eV
   50     -0.34412627 H       -9.364152 eV
   51     -0.34412628 H       -9.364152 eV
   52     -0.34412629 H       -9.364153 eV
   53     -0.34412627 H       -9.364152 eV
   54     -0.34412628 H       -9.364152 eV
   55     -0.33761328 H       -9.186925 eV
   56     -0.33761336 H       -9.186927 eV
   57     -0.33761338 H       -9.186927 eV
   58     -0.33761328 H       -9.186925 eV
   59     -0.33761336 H       -9.186927 eV
   60     -0.33761338 H       -9.186927 eV
   61     -0.34438894 H       -9.371300 eV
   62     -0.34438898 H       -9.371301 eV
   63     -0.34438899 H       -9.371301 eV
   64     -0.34438894 H       -9.371300 eV
   65     -0.34438898 H       -9.371301 eV
   66     -0.34438899 H       -9.371301 eV
   67     -0.34194192 H       -9.304713 eV
   68     -0.34194173 H       -9.304708 eV
   69     -0.34194173 H       -9.304708 eV
   70     -0.34194192 H       -9.304713 eV
   71     -0.34194173 H       -9.304708 eV
   72     -0.34194173 H       -9.304708 eV

Atom resolved repulsive energies 
    1      0.04129707 H        1.123750 eV
    2      0.04129694 H        1.123747 eV
    3      0.04129696 H        1.123748 eV
    4      0.04129707 H        1.123750 eV
    5      0.04129694 H        1.123747 eV
    6      0.04129696 H        1.123748 eV
    7      0.07312133 H        1.989733 eV
    8      0.07312138 H        1.989734 eV
    9      0.07312134 H        1.989733 eV
   10      0.07312133 H        1.989733 eV
   11      0.07312138 H        1.989734 eV
   12      0.07312134 H        1.989733 eV
   13      0.04895805 H        1.332216 eV
   14      0.04895799 H        1.332215 eV
   15      0.04895798 H        1.332214 eV
   16      0.04895805 H        1.332216 eV
   17      0.04895799 H        1.332215 eV
   18      0.04895798 H        1.332214 eV
   19      0.02190000 H        0.595929 eV
   20      0.02189997 H        0.595929 eV
   21      0.02189989 H        0.595926 eV
   22      0.02190000 H        0.595929 eV
   23      0.02189997 H        0.595929 eV
   24      0.02189989 H        0.595926 eV
   25      0.04091602 H        1.113382 eV
   26      0.04091600 H        1.113381 eV
   27      0.04091593 H        1.113379 eV
   28      0.04091602 H        1.113382 eV
   29      0.04091600 H        1.113381 eV
   30      0.04091593 H        1.113379 eV
   31      0.04849540 H        1.319627 eV
   32      0.04849543 H        1.319628 eV
   33      0.04849545 H        1.319628 eV
   34      0.04849540 H        1.319627 eV
   35      0.04849543 H        1.319628 eV
   36      0.04849545 H        1.319628 eV
   37      0.01831371 H        0.498341 eV
   38      0.01831368 H        0.498341 eV
   39      0.01831370 H        0.498341 eV
   40      0.01831371 H        0.498341 eV
   41      0.01831368 H        0.498341 eV
   42      0.01831370 H        0.498341 eV
   43      0.01848796 H        0.503083 eV
   44      0.01848796 H        0.503083 eV
   45      0.01848798 H        0.503084 eV
   46      0.01848796 H        0.503083 eV
   47      0.01848796 H        0.503083 eV
   48      0.01848798 H        0.503084 eV
   49     -0.00749696 H       -0.204003 eV
   50     -0.00749695 H       -0.204002 eV
   51     -0.00749694 H       -0.204002 eV
   52     -0.00749696 H       -0.204003 eV
   53     -0.00749695 H       -0.204002 eV
   54     -0.00749694 H       -0.204002 eV
   55     -0.00788087 H       -0.214449 eV
   56     -0.00788087 H       -0.214449 eV
   57     -0.00788089 H       -0.214450 eV
   58     -0.00788087 H       -0.214449 eV
   59     -0.00788087 H       -0.214449 eV
   60     -0.00788089 H       -0.214450 eV
   61     -0.00738946 H       -0.201078 eV
   62     -0.00738949 H       -0.201078 eV
   63     -0.00738948 H       -0.201078 eV
   64     -0.00738946 H       -0.201078 eV
   65     -0.00738949 H       -0.201078 eV
   66     -0.00738948 H       -0.201078 eV
   67      0.01245656 H        0.338960 eV
   68      0.01245654 H        0.338960 eV
   69      0.01245652 H        0.338959 eV
   70      0.01245656 H        0.338960 eV
   71      0.01245654 H        0.338960 eV
   72      0.01245652 H        0.338959 eV

Atom resolved total energies 
    1     -3.35073398 H      -91.178111 eV
    2     -3.35073421 H      -91.178117 eV
    3     -3.35073412 H      -91.178114 eV
    4     -3.35073398 H      -91.178111 eV
    5     -3.35073421 H      -91.178117 eV
    6     -3.35073412 H      -91.178114 eV
    7     -2.39512889 H      -65.174773 eV
    8     -2.39512881 H      -65.174771 eV
    9     -2.39512881 H      -65.174771 eV
   10     -2.39512889 H      -65.174773 eV
   11     -2.39512881 H      -65.174771 eV
   12     -2.39512881 H      -65.174771 eV
   13     -1.69030485 H      -45.995535 eV
   14     -1.69030467 H      -45.995530 eV
   15     -1.69030472 H      -45.995532 eV
   16     -1.69030485 H      -45.995535 eV
   17     -1.69030467 H      -45.995530 eV
   18     -1.69030472 H      -45.995532 eV
   19     -1.73677488 H      -47.260049 eV
   20     -1.73677492 H      -47.260050 eV
   21     -1.73677491 H      -47.260050 eV
   22     -1.73677488 H      -47.260049 eV
   23     -1.73677492 H      -47.260050 eV
   24     -1.73677491 H      -47.260050 eV
   25     -1.71310582 H      -46.615981 eV
   26     -1.71310597 H      -46.615985 eV
   27     -1.71310596 H      -46.615985 eV
   28     -1.71310582 H      -46.615981 eV
   29     -1.71310597 H      -46.615985 eV
   30     -1.71310596 H      -46.615985 eV
   31     -1.71162981 H      -46.575817 eV
   32     -1.71162986 H      -46.575818 eV
   33     -1.71162985 H      -46.575818 eV
   34     -1.71162981 H      -46.575817 eV
   35     -1.71162986 H      -46.575818 eV
   36     -1.71162985 H      -46.575818 eV
   37     -1.72863402 H      -47.038525 eV
   38     -1.72863393 H      -47.038523 eV
   39     -1.72863392 H      -47.038522 eV
   40     -1.72863402 H      -47.038525 eV
   41     -1.72863393 H      -47.038523 eV
   42     -1.72863392 H      -47.038522 eV
   43     -1.72829786 H      -47.029378 eV
   44     -1.72829794 H      -47.029380 eV
   45     -1.72829794 H      -47.029380 eV
   46     -1.72829786 H      -47.029378 eV
   47     -1.72829794 H      -47.029380 eV
   48     -1.72829794 H      -47.029380 eV
   49     -0.34998335 H       -9.523532 eV
   50     -0.34998332 H       -9.523531 eV
   51     -0.34998332 H       -9.523531 eV
   52     -0.34998335 H       -9.523532 eV
   53     -0.34998332 H       -9.523531 eV
   54     -0.34998332 H       -9.523531 eV
   55     -0.34329007 H       -9.341398 eV
   56     -0.34329017 H       -9.341401 eV
   57     -0.34329020 H       -9.341402 eV
   58     -0.34329007 H       -9.341398 eV
   59     -0.34329017 H       -9.341401 eV
   60     -0.34329020 H       -9.341402 eV
   61     -0.35000441 H       -9.524105 eV
   62     -0.35000448 H       -9.524106 eV
   63     -0.35000448 H       -9.524107 eV
   64     -0.35000441 H       -9.524105 eV
   65     -0.35000448 H       -9.524106 eV
   66     -0.35000448 H       -9.524107 eV
   67     -0.32675620 H       -8.891489 eV
   68     -0.32675601 H       -8.891483 eV
   69     -0.32675602 H       -8.891484 eV
   70     -0.32675620 H       -8.891489 eV
   71     -0.32675601 H       -8.891483 eV
   72     -0.32675602 H       -8.891484 eV

Non-constrained calculation

SCC converged

Full geometry written in 1e-4-Out.{xyz|gen}

Total Forces
    1     -0.000014501444     -0.000009411810      0.000000000000
    2      0.000015260490     -0.000007903223      0.000000000000
    3     -0.000000750625      0.000017388581      0.000000000001
    4      0.000014501444      0.000009411808      0.000000000000
    5     -0.000015260489      0.000007903223     -0.000000000000
    6      0.000000750624     -0.000017388579     -0.000000000000
    7     -0.000003656087      0.000007591776     -0.000000000000
    8     -0.000004794437     -0.000006978154     -0.000000000000
    9      0.000008504263     -0.000000692530      0.000000000000
   10      0.000003656077     -0.000007591780     -0.000000000000
   11      0.000004794448      0.000006978150     -0.000000000000
   12     -0.000008504269      0.000000692510      0.000000000001
   13      0.000011015684      0.000019293823     -0.000000000000
   14     -0.000022049012      0.000000002921     -0.000000000001
   15      0.000011016844     -0.000019157970     -0.000000000001
   16     -0.000011015687     -0.000019293822     -0.000000000001
   17      0.000022049008     -0.000000002922      0.000000000000
   18     -0.000011016844      0.000019157968      0.000000000000
   19      0.000022301153      0.000010938413      0.000000000000
   20     -0.000020594580      0.000013661572      0.000000000000
   21     -0.000001573937     -0.000024954595      0.000000000000
   22     -0.000022301150     -0.000010938414      0.000000000000
   23      0.000020594576     -0.000013661570      0.000000000000
   24      0.000001573934      0.000024954597     -0.000000000000
   25      0.000063965793     -0.000020273401     -0.000000000000
   26     -0.000014464387      0.000065674739      0.000000000000
   27     -0.000049560506     -0.000045243508      0.000000000000
   28     -0.000063965797      0.000020273403     -0.000000000000
   29      0.000014464388     -0.000065674739     -0.000000000000
   30      0.000049560514      0.000045243500     -0.000000000000
   31      0.000003862821     -0.000008278248     -0.000000000000
   32      0.000005368959      0.000007665798      0.000000000000
   33     -0.000009215472      0.000001010559     -0.000000000002
   34     -0.000003862825      0.000008278255      0.000000000000
   35     -0.000005368954     -0.000007665802     -0.000000000000
   36      0.000009215456     -0.000001010565     -0.000000000001
   37     -0.000011613265      0.000002183973      0.000000000000
   38      0.000003929609     -0.000011198672     -0.000000000000
   39      0.000007590515      0.000008937017      0.000000000001
   40      0.000011613272     -0.000002183971     -0.000000000001
   41     -0.000003929606      0.000011198669      0.000000000001
   42     -0.000007590504     -0.000008937010     -0.000000000000
   43     -0.000001750840      0.000010178824      0.000000000000
   44     -0.000007946277     -0.000006657883     -0.000000000000
   45      0.000009671409     -0.000003595296      0.000000000001
   46      0.000001750847     -0.000010178823     -0.000000000000
   47      0.000007946283      0.000006657888     -0.000000000000
   48     -0.000009671403      0.000003595290      0.000000000001
   49     -0.000028684957      0.000026129889      0.000000000000
   50     -0.000008242061     -0.000037945352      0.000000000000
   51      0.000036987713      0.000011919920      0.000000000000
   52      0.000028684953     -0.000026129887      0.000000000000
   53      0.000008242066      0.000037945352     -0.000000000000
   54     -0.000036987716     -0.000011919928     -0.000000000000
   55     -0.000014510158     -0.000023777697      0.000000000000
   56      0.000027827208     -0.000000623711     -0.000000000000
   57     -0.000013363053      0.000024546006      0.000000000000
   58      0.000014510155      0.000023777701      0.000000000000
   59     -0.000027827208      0.000000623713      0.000000000000
   60      0.000013363049     -0.000024546000      0.000000000000
   61      0.000012948612      0.000019138302      0.000000000000
   62     -0.000022933702      0.000001706221      0.000000000000
   63      0.000010000180     -0.000020782172     -0.000000000000
   64     -0.000012948612     -0.000019138295     -0.000000000000
   65      0.000022933707     -0.000001706223     -0.000000000000
   66     -0.000010000189      0.000020782171     -0.000000000000
   67      0.000013699574      0.000004586205     -0.000000000000
   68     -0.000010673997      0.000009523927     -0.000000000000
   69     -0.000002910245     -0.000014114241     -0.000000000000
   70     -0.000013699568     -0.000004586200     -0.000000000000
   71      0.000010673994     -0.000009523928      0.000000000000
   72      0.000002910239      0.000014114254      0.000000000000

Total stress tensor
     -0.000000010772     -0.000000000251     -0.000000000000
     -0.000000000254     -0.000000009915     -0.000000000000
     -0.000000000000     -0.000000000000     -0.000000001907

Total lattice derivs
      0.000002731112      0.000001494626      0.000000000000
      0.000000073290      0.000002863869      0.000000000000
      0.000000000000      0.000000000000      0.000003084249

Maximal derivative component:        0.656747E-04 au
Max force for moved atoms::          0.656747E-04 au

Volume:                              0.108085E+05 au^3
Pressure:                           -0.753154E-08 au    -0.221585E+06 Pa

Warning: dipole moment is not defined absolutely!
Dipole moment:   -0.00000000    0.00000000    0.00000000 au
Dipole moment:   -0.00000000    0.00000000    0.00000000 Debye

Geometry converged

